gmake[2]: Warning: File 'CMakeFiles/rgbd.dir/compiler_depend.make' has modification time 14153 s in the future
gmake[2]: Warning: File 'CMakeFiles/stereo-inertial.dir/compiler_depend.make' has modification time 14153 s in the future
gmake[2]: warning:  Clock skew detected.  Your build may be incomplete.
gmake[2]: Warning: File 'CMakeFiles/rgbd.dir/compiler_depend.make' has modification time 14153 s in the future
gmake[2]: warning:  Clock skew detected.  Your build may be incomplete.
gmake[2]: warning:  Clock skew detected.  Your build may be incomplete.
[ 50%] Built target mono
[ 50%] Built target rgbd
gmake[2]: Warning: File 'CMakeFiles/stereo-inertial.dir/compiler_depend.make' has modification time 14153 s in the future
gmake[2]: warning:  Clock skew detected.  Your build may be incomplete.
[ 75%] Built target stereo
[100%] Built target stereo-inertial
-- Install configuration: ""
-- Execute custom install script
-- Up-to-date symlink: /home/shivamss/colcon_ws/install/orbslam3/lib/orbslam3/mono
-- Up-to-date symlink: /home/shivamss/colcon_ws/install/orbslam3/lib/orbslam3/rgbd
-- Up-to-date symlink: /home/shivamss/colcon_ws/install/orbslam3/lib/orbslam3/stereo
-- Up-to-date symlink: /home/shivamss/colcon_ws/install/orbslam3/lib/orbslam3/stereo-inertial
-- Up-to-date symlink: /home/shivamss/colcon_ws/install/orbslam3/share/ament_index/resource_index/package_run_dependencies/orbslam3
-- Up-to-date symlink: /home/shivamss/colcon_ws/install/orbslam3/share/ament_index/resource_index/parent_prefix_path/orbslam3
-- Up-to-date symlink: /home/shivamss/colcon_ws/install/orbslam3/share/orbslam3/environment/ament_prefix_path.sh
-- Up-to-date symlink: /home/shivamss/colcon_ws/install/orbslam3/share/orbslam3/environment/ament_prefix_path.dsv
-- Up-to-date symlink: /home/shivamss/colcon_ws/install/orbslam3/share/orbslam3/environment/path.sh
-- Up-to-date symlink: /home/shivamss/colcon_ws/install/orbslam3/share/orbslam3/environment/path.dsv
-- Up-to-date symlink: /home/shivamss/colcon_ws/install/orbslam3/share/orbslam3/local_setup.bash
-- Up-to-date symlink: /home/shivamss/colcon_ws/install/orbslam3/share/orbslam3/local_setup.sh
-- Up-to-date symlink: /home/shivamss/colcon_ws/install/orbslam3/share/orbslam3/local_setup.zsh
-- Up-to-date symlink: /home/shivamss/colcon_ws/install/orbslam3/share/orbslam3/local_setup.dsv
-- Symlinking: /home/shivamss/colcon_ws/install/orbslam3/share/orbslam3/package.dsv
-- Up-to-date symlink: /home/shivamss/colcon_ws/install/orbslam3/share/ament_index/resource_index/packages/orbslam3
-- Up-to-date symlink: /home/shivamss/colcon_ws/install/orbslam3/share/orbslam3/cmake/orbslam3Config.cmake
-- Up-to-date symlink: /home/shivamss/colcon_ws/install/orbslam3/share/orbslam3/cmake/orbslam3Config-version.cmake
-- Up-to-date symlink: /home/shivamss/colcon_ws/install/orbslam3/share/orbslam3/package.xml
