[0.117s] Invoking command in '/home/shivamss/colcon_ws/build/orbslam3': CMAKE_PREFIX_PATH=/opt/ros/humble /usr/bin/cmake --build /home/shivamss/colcon_ws/build/orbslam3 -- -j20 -l20
[0.137s] gmake[2]: Warning: File 'CMakeFiles/rgbd.dir/compiler_depend.make' has modification time 14153 s in the future
[0.142s] gmake[2]: Warning: File 'CMakeFiles/stereo-inertial.dir/compiler_depend.make' has modification time 14153 s in the future
[0.142s] gmake[2]: warning:  Clock skew detected.  Your build may be incomplete.
[0.146s] gmake[2]: Warning: File 'CMakeFiles/rgbd.dir/compiler_depend.make' has modification time 14153 s in the future
[0.146s] gmake[2]: warning:  Clock skew detected.  Your build may be incomplete.
[0.148s] gmake[2]: warning:  Clock skew detected.  Your build may be incomplete.
[0.151s] [ 50%] Built target mono
[0.151s] [ 50%] Built target rgbd
[0.152s] gmake[2]: Warning: File 'CMakeFiles/stereo-inertial.dir/compiler_depend.make' has modification time 14153 s in the future
[0.154s] gmake[2]: warning:  Clock skew detected.  Your build may be incomplete.
[0.154s] [ 75%] Built target stereo
[0.160s] [100%] Built target stereo-inertial
[0.169s] Invoked command in '/home/shivamss/colcon_ws/build/orbslam3' returned '0': CMAKE_PREFIX_PATH=/opt/ros/humble /usr/bin/cmake --build /home/shivamss/colcon_ws/build/orbslam3 -- -j20 -l20
[0.198s] Invoking command in '/home/shivamss/colcon_ws/build/orbslam3': CMAKE_PREFIX_PATH=/opt/ros/humble /usr/bin/cmake --install /home/shivamss/colcon_ws/build/orbslam3
[0.203s] -- Install configuration: ""
[0.203s] -- Execute custom install script
[0.203s] -- Up-to-date symlink: /home/shivamss/colcon_ws/install/orbslam3/lib/orbslam3/mono
[0.203s] -- Up-to-date symlink: /home/shivamss/colcon_ws/install/orbslam3/lib/orbslam3/rgbd
[0.203s] -- Up-to-date symlink: /home/shivamss/colcon_ws/install/orbslam3/lib/orbslam3/stereo
[0.203s] -- Up-to-date symlink: /home/shivamss/colcon_ws/install/orbslam3/lib/orbslam3/stereo-inertial
[0.203s] -- Up-to-date symlink: /home/shivamss/colcon_ws/install/orbslam3/share/ament_index/resource_index/package_run_dependencies/orbslam3
[0.203s] -- Up-to-date symlink: /home/shivamss/colcon_ws/install/orbslam3/share/ament_index/resource_index/parent_prefix_path/orbslam3
[0.203s] -- Up-to-date symlink: /home/shivamss/colcon_ws/install/orbslam3/share/orbslam3/environment/ament_prefix_path.sh
[0.203s] -- Up-to-date symlink: /home/shivamss/colcon_ws/install/orbslam3/share/orbslam3/environment/ament_prefix_path.dsv
[0.203s] -- Up-to-date symlink: /home/shivamss/colcon_ws/install/orbslam3/share/orbslam3/environment/path.sh
[0.203s] -- Up-to-date symlink: /home/shivamss/colcon_ws/install/orbslam3/share/orbslam3/environment/path.dsv
[0.203s] -- Up-to-date symlink: /home/shivamss/colcon_ws/install/orbslam3/share/orbslam3/local_setup.bash
[0.203s] -- Up-to-date symlink: /home/shivamss/colcon_ws/install/orbslam3/share/orbslam3/local_setup.sh
[0.203s] -- Up-to-date symlink: /home/shivamss/colcon_ws/install/orbslam3/share/orbslam3/local_setup.zsh
[0.203s] -- Up-to-date symlink: /home/shivamss/colcon_ws/install/orbslam3/share/orbslam3/local_setup.dsv
[0.203s] -- Symlinking: /home/shivamss/colcon_ws/install/orbslam3/share/orbslam3/package.dsv
[0.207s] -- Up-to-date symlink: /home/shivamss/colcon_ws/install/orbslam3/share/ament_index/resource_index/packages/orbslam3
[0.207s] -- Up-to-date symlink: /home/shivamss/colcon_ws/install/orbslam3/share/orbslam3/cmake/orbslam3Config.cmake
[0.207s] -- Up-to-date symlink: /home/shivamss/colcon_ws/install/orbslam3/share/orbslam3/cmake/orbslam3Config-version.cmake
[0.207s] -- Up-to-date symlink: /home/shivamss/colcon_ws/install/orbslam3/share/orbslam3/package.xml
[0.209s] Invoked command in '/home/shivamss/colcon_ws/build/orbslam3' returned '0': CMAKE_PREFIX_PATH=/opt/ros/humble /usr/bin/cmake --install /home/shivamss/colcon_ws/build/orbslam3
