gmake: Warning: File 'Makefile' has modification time 14155 s in the future
gmake[1]: Warning: File 'CMakeFiles/Makefile2' has modification time 14155 s in the future
gmake[1]: warning:  Clock skew detected.  Your build may be incomplete.
gmake: warning:  Clock skew detected.  Your build may be incomplete.
-- Install configuration: ""
-- Execute custom install script
-- Up-to-date symlink: /home/shivamss/colcon_ws/install/lawn_mower_gazebo/share/lawn_mower_gazebo//launch/lawn_mower_launch.py
-- Up-to-date symlink: /home/shivamss/colcon_ws/install/lawn_mower_gazebo/share/lawn_mower_gazebo//launch/lawn_mower_launch.py:Zone.Identifier
-- Up-to-date symlink: /home/shivamss/colcon_ws/install/lawn_mower_gazebo/share/lawn_mower_gazebo//launch/start_world_launch.py
-- Up-to-date symlink: /home/shivamss/colcon_ws/install/lawn_mower_gazebo/share/lawn_mower_gazebo//launch/start_world_launch.py:Zone.Identifier
-- Up-to-date symlink: /home/shivamss/colcon_ws/install/lawn_mower_gazebo/share/lawn_mower_gazebo//worlds/baylands.world
-- Up-to-date symlink: /home/shivamss/colcon_ws/install/lawn_mower_gazebo/share/lawn_mower_gazebo//worlds/baylands.world:Zone.Identifier
-- Up-to-date symlink: /home/shivamss/colcon_ws/install/lawn_mower_gazebo/share/lawn_mower_gazebo//worlds/box_bot_empty.world
-- Up-to-date symlink: /home/shivamss/colcon_ws/install/lawn_mower_gazebo/share/lawn_mower_gazebo//worlds/box_bot_empty.world:Zone.Identifier
-- Up-to-date symlink: /home/shivamss/colcon_ws/install/lawn_mower_gazebo/share/lawn_mower_gazebo//worlds/house.world
-- Up-to-date symlink: /home/shivamss/colcon_ws/install/lawn_mower_gazebo/share/lawn_mower_gazebo//worlds/house.world:Zone.Identifier
-- Up-to-date symlink: /home/shivamss/colcon_ws/install/lawn_mower_gazebo/share/lawn_mower_gazebo//worlds/house2.world
-- Up-to-date symlink: /home/shivamss/colcon_ws/install/lawn_mower_gazebo/share/lawn_mower_gazebo//worlds/house2.world:Zone.Identifier
-- Up-to-date symlink: /home/shivamss/colcon_ws/install/lawn_mower_gazebo/share/ament_index/resource_index/package_run_dependencies/lawn_mower_gazebo
-- Up-to-date symlink: /home/shivamss/colcon_ws/install/lawn_mower_gazebo/share/ament_index/resource_index/parent_prefix_path/lawn_mower_gazebo
-- Up-to-date symlink: /home/shivamss/colcon_ws/install/lawn_mower_gazebo/share/lawn_mower_gazebo/environment/ament_prefix_path.sh
-- Up-to-date symlink: /home/shivamss/colcon_ws/install/lawn_mower_gazebo/share/lawn_mower_gazebo/environment/ament_prefix_path.dsv
-- Up-to-date symlink: /home/shivamss/colcon_ws/install/lawn_mower_gazebo/share/lawn_mower_gazebo/environment/path.sh
-- Up-to-date symlink: /home/shivamss/colcon_ws/install/lawn_mower_gazebo/share/lawn_mower_gazebo/environment/path.dsv
-- Up-to-date symlink: /home/shivamss/colcon_ws/install/lawn_mower_gazebo/share/lawn_mower_gazebo/local_setup.bash
-- Up-to-date symlink: /home/shivamss/colcon_ws/install/lawn_mower_gazebo/share/lawn_mower_gazebo/local_setup.sh
-- Up-to-date symlink: /home/shivamss/colcon_ws/install/lawn_mower_gazebo/share/lawn_mower_gazebo/local_setup.zsh
-- Up-to-date symlink: /home/shivamss/colcon_ws/install/lawn_mower_gazebo/share/lawn_mower_gazebo/local_setup.dsv
-- Symlinking: /home/shivamss/colcon_ws/install/lawn_mower_gazebo/share/lawn_mower_gazebo/package.dsv
-- Up-to-date symlink: /home/shivamss/colcon_ws/install/lawn_mower_gazebo/share/ament_index/resource_index/packages/lawn_mower_gazebo
-- Up-to-date symlink: /home/shivamss/colcon_ws/install/lawn_mower_gazebo/share/lawn_mower_gazebo/cmake/lawn_mower_gazeboConfig.cmake
-- Up-to-date symlink: /home/shivamss/colcon_ws/install/lawn_mower_gazebo/share/lawn_mower_gazebo/cmake/lawn_mower_gazeboConfig-version.cmake
-- Up-to-date symlink: /home/shivamss/colcon_ws/install/lawn_mower_gazebo/share/lawn_mower_gazebo/package.xml
