/home/shivamss/colcon_ws/install/lawn_mower_control/lib/python3.10/site-packages/lawn_mower_control/mowing_planner.py
/home/shivamss/colcon_ws/install/lawn_mower_control/lib/python3.10/site-packages/lawn_mower_control/diff_drive.py
/home/shivamss/colcon_ws/install/lawn_mower_control/lib/python3.10/site-packages/lawn_mower_control/manual_control.py
/home/shivamss/colcon_ws/install/lawn_mower_control/lib/python3.10/site-packages/lawn_mower_control/__init__.py
/home/shivamss/colcon_ws/install/lawn_mower_control/lib/python3.10/site-packages/lawn_mower_control/motor_driver.py
/home/shivamss/colcon_ws/install/lawn_mower_control/lib/python3.10/site-packages/lawn_mower_control/__pycache__/mowing_planner.cpython-310.pyc
/home/shivamss/colcon_ws/install/lawn_mower_control/lib/python3.10/site-packages/lawn_mower_control/__pycache__/diff_drive.cpython-310.pyc
/home/shivamss/colcon_ws/install/lawn_mower_control/lib/python3.10/site-packages/lawn_mower_control/__pycache__/manual_control.cpython-310.pyc
/home/shivamss/colcon_ws/install/lawn_mower_control/lib/python3.10/site-packages/lawn_mower_control/__pycache__/__init__.cpython-310.pyc
/home/shivamss/colcon_ws/install/lawn_mower_control/lib/python3.10/site-packages/lawn_mower_control/__pycache__/motor_driver.cpython-310.pyc
/home/shivamss/colcon_ws/install/lawn_mower_control/share/ament_index/resource_index/packages/lawn_mower_control
/home/shivamss/colcon_ws/install/lawn_mower_control/share/lawn_mower_control/package.xml
/home/shivamss/colcon_ws/install/lawn_mower_control/share/lawn_mower_control/lawn_mower.launch.py
/home/shivamss/colcon_ws/install/lawn_mower_control/share/lawn_mower_control/base.launch.py
/home/shivamss/colcon_ws/install/lawn_mower_control/lib/python3.10/site-packages/lawn_mower_control-0.0.0-py3.10.egg-info/top_level.txt
/home/shivamss/colcon_ws/install/lawn_mower_control/lib/python3.10/site-packages/lawn_mower_control-0.0.0-py3.10.egg-info/zip-safe
/home/shivamss/colcon_ws/install/lawn_mower_control/lib/python3.10/site-packages/lawn_mower_control-0.0.0-py3.10.egg-info/requires.txt
/home/shivamss/colcon_ws/install/lawn_mower_control/lib/python3.10/site-packages/lawn_mower_control-0.0.0-py3.10.egg-info/PKG-INFO
/home/shivamss/colcon_ws/install/lawn_mower_control/lib/python3.10/site-packages/lawn_mower_control-0.0.0-py3.10.egg-info/entry_points.txt
/home/shivamss/colcon_ws/install/lawn_mower_control/lib/python3.10/site-packages/lawn_mower_control-0.0.0-py3.10.egg-info/dependency_links.txt
/home/shivamss/colcon_ws/install/lawn_mower_control/lib/python3.10/site-packages/lawn_mower_control-0.0.0-py3.10.egg-info/SOURCES.txt
/home/shivamss/colcon_ws/install/lawn_mower_control/lib/lawn_mower_control/diff_drive
/home/shivamss/colcon_ws/install/lawn_mower_control/lib/lawn_mower_control/manual_control
/home/shivamss/colcon_ws/install/lawn_mower_control/lib/lawn_mower_control/mowing_planner
