[0.211s] DEBUG:colcon:Command line arguments: ['/usr/bin/colcon', 'build', '--symlink-install']
[0.211s] DEBUG:colcon:Parsed command line arguments: Namespace(log_base=None, log_level=None, verb_name='build', build_base='build', install_base='install', merge_install=False, symlink_install=True, test_result_base=None, continue_on_error=False, executor='parallel', parallel_workers=20, event_handlers=None, ignore_user_meta=False, metas=['./colcon.meta'], base_paths=['.'], packages_ignore=None, packages_ignore_regex=None, paths=None, packages_up_to=None, packages_up_to_regex=None, packages_above=None, packages_above_and_dependencies=None, packages_above_depth=None, packages_select_by_dep=None, packages_skip_by_dep=None, packages_skip_up_to=None, packages_select_build_failed=False, packages_skip_build_finished=False, packages_select_test_failures=False, packages_skip_test_passed=False, packages_select=None, packages_skip=None, packages_select_regex=None, packages_skip_regex=None, packages_start=None, packages_end=None, allow_overriding=[], cmake_args=None, cmake_target=None, cmake_target_skip_unavailable=False, cmake_clean_cache=False, cmake_clean_first=False, cmake_force_configure=False, ament_cmake_args=None, catkin_cmake_args=None, catkin_skip_building_tests=False, verb_parser=<colcon_defaults.argument_parser.defaults.DefaultArgumentsDecorator object at 0x7fda65a4be80>, verb_extension=<colcon_core.verb.build.BuildVerb object at 0x7fda65a4ba30>, main=<bound method BuildVerb.main of <colcon_core.verb.build.BuildVerb object at 0x7fda65a4ba30>>)
[0.278s] Level 1:colcon.colcon_core.package_discovery:discover_packages(colcon_meta) check parameters
[0.278s] Level 1:colcon.colcon_core.package_discovery:discover_packages(recursive) check parameters
[0.278s] Level 1:colcon.colcon_core.package_discovery:discover_packages(ignore) check parameters
[0.278s] Level 1:colcon.colcon_core.package_discovery:discover_packages(path) check parameters
[0.278s] Level 1:colcon.colcon_core.package_discovery:discover_packages(colcon_meta) discover
[0.278s] Level 1:colcon.colcon_core.package_discovery:discover_packages(recursive) discover
[0.278s] INFO:colcon.colcon_core.package_discovery:Crawling recursively for packages in '/home/shivamss/colcon_ws'
[0.278s] Level 1:colcon.colcon_core.package_identification:_identify(.) by extensions ['ignore', 'ignore_ament_install']
[0.278s] Level 1:colcon.colcon_core.package_identification:_identify(.) by extension 'ignore'
[0.278s] Level 1:colcon.colcon_core.package_identification:_identify(.) by extension 'ignore_ament_install'
[0.278s] Level 1:colcon.colcon_core.package_identification:_identify(.) by extensions ['colcon_pkg']
[0.278s] Level 1:colcon.colcon_core.package_identification:_identify(.) by extension 'colcon_pkg'
[0.278s] Level 1:colcon.colcon_core.package_identification:_identify(.) by extensions ['colcon_meta']
[0.278s] Level 1:colcon.colcon_core.package_identification:_identify(.) by extension 'colcon_meta'
[0.278s] Level 1:colcon.colcon_core.package_identification:_identify(.) by extensions ['ros']
[0.278s] Level 1:colcon.colcon_core.package_identification:_identify(.) by extension 'ros'
[0.283s] Level 1:colcon.colcon_core.package_identification:_identify(.) by extensions ['cmake', 'python']
[0.283s] Level 1:colcon.colcon_core.package_identification:_identify(.) by extension 'cmake'
[0.283s] Level 1:colcon.colcon_core.package_identification:_identify(.) by extension 'python'
[0.283s] Level 1:colcon.colcon_core.package_identification:_identify(.) by extensions ['python_setup_py']
[0.283s] Level 1:colcon.colcon_core.package_identification:_identify(.) by extension 'python_setup_py'
[0.283s] Level 1:colcon.colcon_core.package_identification:_identify(build) by extensions ['ignore', 'ignore_ament_install']
[0.283s] Level 1:colcon.colcon_core.package_identification:_identify(build) by extension 'ignore'
[0.283s] Level 1:colcon.colcon_core.package_identification:_identify(build) ignored
[0.283s] Level 1:colcon.colcon_core.package_identification:_identify(install) by extensions ['ignore', 'ignore_ament_install']
[0.283s] Level 1:colcon.colcon_core.package_identification:_identify(install) by extension 'ignore'
[0.283s] Level 1:colcon.colcon_core.package_identification:_identify(install) ignored
[0.283s] Level 1:colcon.colcon_core.package_identification:_identify(log) by extensions ['ignore', 'ignore_ament_install']
[0.283s] Level 1:colcon.colcon_core.package_identification:_identify(log) by extension 'ignore'
[0.283s] Level 1:colcon.colcon_core.package_identification:_identify(log) ignored
[0.283s] Level 1:colcon.colcon_core.package_identification:_identify(src) by extensions ['ignore', 'ignore_ament_install']
[0.283s] Level 1:colcon.colcon_core.package_identification:_identify(src) by extension 'ignore'
[0.283s] Level 1:colcon.colcon_core.package_identification:_identify(src) by extension 'ignore_ament_install'
[0.283s] Level 1:colcon.colcon_core.package_identification:_identify(src) by extensions ['colcon_pkg']
[0.283s] Level 1:colcon.colcon_core.package_identification:_identify(src) by extension 'colcon_pkg'
[0.283s] Level 1:colcon.colcon_core.package_identification:_identify(src) by extensions ['colcon_meta']
[0.284s] Level 1:colcon.colcon_core.package_identification:_identify(src) by extension 'colcon_meta'
[0.284s] Level 1:colcon.colcon_core.package_identification:_identify(src) by extensions ['ros']
[0.284s] Level 1:colcon.colcon_core.package_identification:_identify(src) by extension 'ros'
[0.284s] Level 1:colcon.colcon_core.package_identification:_identify(src) by extensions ['cmake', 'python']
[0.284s] Level 1:colcon.colcon_core.package_identification:_identify(src) by extension 'cmake'
[0.284s] Level 1:colcon.colcon_core.package_identification:_identify(src) by extension 'python'
[0.284s] Level 1:colcon.colcon_core.package_identification:_identify(src) by extensions ['python_setup_py']
[0.284s] Level 1:colcon.colcon_core.package_identification:_identify(src) by extension 'python_setup_py'
[0.284s] Level 1:colcon.colcon_core.package_identification:_identify(src/lawn_mower_control) by extensions ['ignore', 'ignore_ament_install']
[0.284s] Level 1:colcon.colcon_core.package_identification:_identify(src/lawn_mower_control) by extension 'ignore'
[0.284s] Level 1:colcon.colcon_core.package_identification:_identify(src/lawn_mower_control) by extension 'ignore_ament_install'
[0.284s] Level 1:colcon.colcon_core.package_identification:_identify(src/lawn_mower_control) by extensions ['colcon_pkg']
[0.284s] Level 1:colcon.colcon_core.package_identification:_identify(src/lawn_mower_control) by extension 'colcon_pkg'
[0.284s] Level 1:colcon.colcon_core.package_identification:_identify(src/lawn_mower_control) by extensions ['colcon_meta']
[0.284s] Level 1:colcon.colcon_core.package_identification:_identify(src/lawn_mower_control) by extension 'colcon_meta'
[0.284s] Level 1:colcon.colcon_core.package_identification:_identify(src/lawn_mower_control) by extensions ['ros']
[0.284s] Level 1:colcon.colcon_core.package_identification:_identify(src/lawn_mower_control) by extension 'ros'
[0.285s] DEBUG:colcon.colcon_core.package_identification:Package 'src/lawn_mower_control' with type 'ros.ament_python' and name 'lawn_mower_control'
[0.285s] Level 1:colcon.colcon_core.package_identification:_identify(src/lawn_mower_descriptions) by extensions ['ignore', 'ignore_ament_install']
[0.285s] Level 1:colcon.colcon_core.package_identification:_identify(src/lawn_mower_descriptions) by extension 'ignore'
[0.285s] Level 1:colcon.colcon_core.package_identification:_identify(src/lawn_mower_descriptions) by extension 'ignore_ament_install'
[0.285s] Level 1:colcon.colcon_core.package_identification:_identify(src/lawn_mower_descriptions) by extensions ['colcon_pkg']
[0.285s] Level 1:colcon.colcon_core.package_identification:_identify(src/lawn_mower_descriptions) by extension 'colcon_pkg'
[0.285s] Level 1:colcon.colcon_core.package_identification:_identify(src/lawn_mower_descriptions) by extensions ['colcon_meta']
[0.285s] Level 1:colcon.colcon_core.package_identification:_identify(src/lawn_mower_descriptions) by extension 'colcon_meta'
[0.285s] Level 1:colcon.colcon_core.package_identification:_identify(src/lawn_mower_descriptions) by extensions ['ros']
[0.285s] Level 1:colcon.colcon_core.package_identification:_identify(src/lawn_mower_descriptions) by extension 'ros'
[0.286s] DEBUG:colcon.colcon_core.package_identification:Package 'src/lawn_mower_descriptions' with type 'ros.ament_cmake' and name 'lawn_mower_description'
[0.286s] Level 1:colcon.colcon_core.package_identification:_identify(src/lawn_mower_gazebo) by extensions ['ignore', 'ignore_ament_install']
[0.286s] Level 1:colcon.colcon_core.package_identification:_identify(src/lawn_mower_gazebo) by extension 'ignore'
[0.286s] Level 1:colcon.colcon_core.package_identification:_identify(src/lawn_mower_gazebo) by extension 'ignore_ament_install'
[0.286s] Level 1:colcon.colcon_core.package_identification:_identify(src/lawn_mower_gazebo) by extensions ['colcon_pkg']
[0.286s] Level 1:colcon.colcon_core.package_identification:_identify(src/lawn_mower_gazebo) by extension 'colcon_pkg'
[0.286s] Level 1:colcon.colcon_core.package_identification:_identify(src/lawn_mower_gazebo) by extensions ['colcon_meta']
[0.286s] Level 1:colcon.colcon_core.package_identification:_identify(src/lawn_mower_gazebo) by extension 'colcon_meta'
[0.286s] Level 1:colcon.colcon_core.package_identification:_identify(src/lawn_mower_gazebo) by extensions ['ros']
[0.286s] Level 1:colcon.colcon_core.package_identification:_identify(src/lawn_mower_gazebo) by extension 'ros'
[0.286s] DEBUG:colcon.colcon_core.package_identification:Package 'src/lawn_mower_gazebo' with type 'ros.ament_cmake' and name 'lawn_mower_gazebo'
[0.286s] Level 1:colcon.colcon_core.package_identification:_identify(src/orbslam3_ros2) by extensions ['ignore', 'ignore_ament_install']
[0.286s] Level 1:colcon.colcon_core.package_identification:_identify(src/orbslam3_ros2) by extension 'ignore'
[0.286s] Level 1:colcon.colcon_core.package_identification:_identify(src/orbslam3_ros2) by extension 'ignore_ament_install'
[0.286s] Level 1:colcon.colcon_core.package_identification:_identify(src/orbslam3_ros2) by extensions ['colcon_pkg']
[0.286s] Level 1:colcon.colcon_core.package_identification:_identify(src/orbslam3_ros2) by extension 'colcon_pkg'
[0.286s] Level 1:colcon.colcon_core.package_identification:_identify(src/orbslam3_ros2) by extensions ['colcon_meta']
[0.286s] Level 1:colcon.colcon_core.package_identification:_identify(src/orbslam3_ros2) by extension 'colcon_meta'
[0.286s] Level 1:colcon.colcon_core.package_identification:_identify(src/orbslam3_ros2) by extensions ['ros']
[0.286s] Level 1:colcon.colcon_core.package_identification:_identify(src/orbslam3_ros2) by extension 'ros'
[0.287s] DEBUG:colcon.colcon_core.package_identification:Package 'src/orbslam3_ros2' with type 'ros.ament_cmake' and name 'orbslam3'
[0.287s] Level 1:colcon.colcon_core.package_discovery:discover_packages(recursive) using defaults
[0.287s] Level 1:colcon.colcon_core.package_discovery:discover_packages(ignore) discover
[0.287s] Level 1:colcon.colcon_core.package_discovery:discover_packages(ignore) using defaults
[0.287s] Level 1:colcon.colcon_core.package_discovery:discover_packages(path) discover
[0.287s] Level 1:colcon.colcon_core.package_discovery:discover_packages(path) using defaults
[0.300s] Level 1:colcon.colcon_core.package_discovery:discover_packages(prefix_path) check parameters
[0.300s] Level 1:colcon.colcon_core.package_discovery:discover_packages(prefix_path) discover
[0.301s] DEBUG:colcon.colcon_installed_package_information.package_discovery:Found 331 installed packages in /opt/ros/humble
[0.302s] Level 1:colcon.colcon_core.package_discovery:discover_packages(prefix_path) using defaults
[0.319s] Level 5:colcon.colcon_core.verb:set package 'lawn_mower_control' build argument 'cmake_args' from command line to 'None'
[0.319s] Level 5:colcon.colcon_core.verb:set package 'lawn_mower_control' build argument 'cmake_target' from command line to 'None'
[0.319s] Level 5:colcon.colcon_core.verb:set package 'lawn_mower_control' build argument 'cmake_target_skip_unavailable' from command line to 'False'
[0.319s] Level 5:colcon.colcon_core.verb:set package 'lawn_mower_control' build argument 'cmake_clean_cache' from command line to 'False'
[0.319s] Level 5:colcon.colcon_core.verb:set package 'lawn_mower_control' build argument 'cmake_clean_first' from command line to 'False'
[0.319s] Level 5:colcon.colcon_core.verb:set package 'lawn_mower_control' build argument 'cmake_force_configure' from command line to 'False'
[0.319s] Level 5:colcon.colcon_core.verb:set package 'lawn_mower_control' build argument 'ament_cmake_args' from command line to 'None'
[0.319s] Level 5:colcon.colcon_core.verb:set package 'lawn_mower_control' build argument 'catkin_cmake_args' from command line to 'None'
[0.319s] Level 5:colcon.colcon_core.verb:set package 'lawn_mower_control' build argument 'catkin_skip_building_tests' from command line to 'False'
[0.319s] DEBUG:colcon.colcon_core.verb:Building package 'lawn_mower_control' with the following arguments: {'ament_cmake_args': None, 'build_base': '/home/shivamss/colcon_ws/build/lawn_mower_control', 'catkin_cmake_args': None, 'catkin_skip_building_tests': False, 'cmake_args': None, 'cmake_clean_cache': False, 'cmake_clean_first': False, 'cmake_force_configure': False, 'cmake_target': None, 'cmake_target_skip_unavailable': False, 'install_base': '/home/shivamss/colcon_ws/install/lawn_mower_control', 'merge_install': False, 'path': '/home/shivamss/colcon_ws/src/lawn_mower_control', 'symlink_install': True, 'test_result_base': None}
[0.319s] Level 5:colcon.colcon_core.verb:set package 'lawn_mower_description' build argument 'cmake_args' from command line to 'None'
[0.319s] Level 5:colcon.colcon_core.verb:set package 'lawn_mower_description' build argument 'cmake_target' from command line to 'None'
[0.319s] Level 5:colcon.colcon_core.verb:set package 'lawn_mower_description' build argument 'cmake_target_skip_unavailable' from command line to 'False'
[0.319s] Level 5:colcon.colcon_core.verb:set package 'lawn_mower_description' build argument 'cmake_clean_cache' from command line to 'False'
[0.319s] Level 5:colcon.colcon_core.verb:set package 'lawn_mower_description' build argument 'cmake_clean_first' from command line to 'False'
[0.319s] Level 5:colcon.colcon_core.verb:set package 'lawn_mower_description' build argument 'cmake_force_configure' from command line to 'False'
[0.319s] Level 5:colcon.colcon_core.verb:set package 'lawn_mower_description' build argument 'ament_cmake_args' from command line to 'None'
[0.319s] Level 5:colcon.colcon_core.verb:set package 'lawn_mower_description' build argument 'catkin_cmake_args' from command line to 'None'
[0.319s] Level 5:colcon.colcon_core.verb:set package 'lawn_mower_description' build argument 'catkin_skip_building_tests' from command line to 'False'
[0.319s] DEBUG:colcon.colcon_core.verb:Building package 'lawn_mower_description' with the following arguments: {'ament_cmake_args': None, 'build_base': '/home/shivamss/colcon_ws/build/lawn_mower_description', 'catkin_cmake_args': None, 'catkin_skip_building_tests': False, 'cmake_args': None, 'cmake_clean_cache': False, 'cmake_clean_first': False, 'cmake_force_configure': False, 'cmake_target': None, 'cmake_target_skip_unavailable': False, 'install_base': '/home/shivamss/colcon_ws/install/lawn_mower_description', 'merge_install': False, 'path': '/home/shivamss/colcon_ws/src/lawn_mower_descriptions', 'symlink_install': True, 'test_result_base': None}
[0.319s] Level 5:colcon.colcon_core.verb:set package 'lawn_mower_gazebo' build argument 'cmake_args' from command line to 'None'
[0.319s] Level 5:colcon.colcon_core.verb:set package 'lawn_mower_gazebo' build argument 'cmake_target' from command line to 'None'
[0.319s] Level 5:colcon.colcon_core.verb:set package 'lawn_mower_gazebo' build argument 'cmake_target_skip_unavailable' from command line to 'False'
[0.319s] Level 5:colcon.colcon_core.verb:set package 'lawn_mower_gazebo' build argument 'cmake_clean_cache' from command line to 'False'
[0.319s] Level 5:colcon.colcon_core.verb:set package 'lawn_mower_gazebo' build argument 'cmake_clean_first' from command line to 'False'
[0.319s] Level 5:colcon.colcon_core.verb:set package 'lawn_mower_gazebo' build argument 'cmake_force_configure' from command line to 'False'
[0.319s] Level 5:colcon.colcon_core.verb:set package 'lawn_mower_gazebo' build argument 'ament_cmake_args' from command line to 'None'
[0.319s] Level 5:colcon.colcon_core.verb:set package 'lawn_mower_gazebo' build argument 'catkin_cmake_args' from command line to 'None'
[0.319s] Level 5:colcon.colcon_core.verb:set package 'lawn_mower_gazebo' build argument 'catkin_skip_building_tests' from command line to 'False'
[0.320s] DEBUG:colcon.colcon_core.verb:Building package 'lawn_mower_gazebo' with the following arguments: {'ament_cmake_args': None, 'build_base': '/home/shivamss/colcon_ws/build/lawn_mower_gazebo', 'catkin_cmake_args': None, 'catkin_skip_building_tests': False, 'cmake_args': None, 'cmake_clean_cache': False, 'cmake_clean_first': False, 'cmake_force_configure': False, 'cmake_target': None, 'cmake_target_skip_unavailable': False, 'install_base': '/home/shivamss/colcon_ws/install/lawn_mower_gazebo', 'merge_install': False, 'path': '/home/shivamss/colcon_ws/src/lawn_mower_gazebo', 'symlink_install': True, 'test_result_base': None}
[0.320s] Level 5:colcon.colcon_core.verb:set package 'orbslam3' build argument 'cmake_args' from command line to 'None'
[0.320s] Level 5:colcon.colcon_core.verb:set package 'orbslam3' build argument 'cmake_target' from command line to 'None'
[0.320s] Level 5:colcon.colcon_core.verb:set package 'orbslam3' build argument 'cmake_target_skip_unavailable' from command line to 'False'
[0.320s] Level 5:colcon.colcon_core.verb:set package 'orbslam3' build argument 'cmake_clean_cache' from command line to 'False'
[0.320s] Level 5:colcon.colcon_core.verb:set package 'orbslam3' build argument 'cmake_clean_first' from command line to 'False'
[0.320s] Level 5:colcon.colcon_core.verb:set package 'orbslam3' build argument 'cmake_force_configure' from command line to 'False'
[0.320s] Level 5:colcon.colcon_core.verb:set package 'orbslam3' build argument 'ament_cmake_args' from command line to 'None'
[0.320s] Level 5:colcon.colcon_core.verb:set package 'orbslam3' build argument 'catkin_cmake_args' from command line to 'None'
[0.320s] Level 5:colcon.colcon_core.verb:set package 'orbslam3' build argument 'catkin_skip_building_tests' from command line to 'False'
[0.320s] DEBUG:colcon.colcon_core.verb:Building package 'orbslam3' with the following arguments: {'ament_cmake_args': None, 'build_base': '/home/shivamss/colcon_ws/build/orbslam3', 'catkin_cmake_args': None, 'catkin_skip_building_tests': False, 'cmake_args': None, 'cmake_clean_cache': False, 'cmake_clean_first': False, 'cmake_force_configure': False, 'cmake_target': None, 'cmake_target_skip_unavailable': False, 'install_base': '/home/shivamss/colcon_ws/install/orbslam3', 'merge_install': False, 'path': '/home/shivamss/colcon_ws/src/orbslam3_ros2', 'symlink_install': True, 'test_result_base': None}
[0.320s] INFO:colcon.colcon_core.executor:Executing jobs using 'parallel' executor
[0.320s] DEBUG:colcon.colcon_parallel_executor.executor.parallel:run_until_complete
[0.321s] INFO:colcon.colcon_ros.task.ament_python.build:Building ROS package in '/home/shivamss/colcon_ws/src/lawn_mower_control' with build type 'ament_python'
[0.321s] Level 1:colcon.colcon_core.shell:create_environment_hook('lawn_mower_control', 'ament_prefix_path')
[0.322s] INFO:colcon.colcon_core.plugin_system:Skipping extension 'colcon_core.shell.bat': Not used on non-Windows systems
[0.322s] INFO:colcon.colcon_core.shell:Creating environment hook '/home/shivamss/colcon_ws/install/lawn_mower_control/share/lawn_mower_control/hook/ament_prefix_path.ps1'
[0.323s] INFO:colcon.colcon_core.shell:Creating environment descriptor '/home/shivamss/colcon_ws/install/lawn_mower_control/share/lawn_mower_control/hook/ament_prefix_path.dsv'
[0.323s] INFO:colcon.colcon_core.shell:Creating environment hook '/home/shivamss/colcon_ws/install/lawn_mower_control/share/lawn_mower_control/hook/ament_prefix_path.sh'
[0.323s] INFO:colcon.colcon_core.shell:Skip shell extension 'powershell' for command environment: Not usable outside of PowerShell
[0.323s] DEBUG:colcon.colcon_core.shell:Skip shell extension 'dsv' for command environment
[0.325s] INFO:colcon.colcon_ros.task.ament_cmake.build:Building ROS package in '/home/shivamss/colcon_ws/src/lawn_mower_descriptions' with build type 'ament_cmake'
[0.325s] INFO:colcon.colcon_cmake.task.cmake.build:Building CMake package in '/home/shivamss/colcon_ws/src/lawn_mower_descriptions'
[0.325s] INFO:colcon.colcon_core.shell:Skip shell extension 'powershell' for command environment: Not usable outside of PowerShell
[0.326s] DEBUG:colcon.colcon_core.shell:Skip shell extension 'dsv' for command environment
[0.328s] INFO:colcon.colcon_ros.task.ament_cmake.build:Building ROS package in '/home/shivamss/colcon_ws/src/lawn_mower_gazebo' with build type 'ament_cmake'
[0.328s] INFO:colcon.colcon_cmake.task.cmake.build:Building CMake package in '/home/shivamss/colcon_ws/src/lawn_mower_gazebo'
[0.328s] INFO:colcon.colcon_core.shell:Skip shell extension 'powershell' for command environment: Not usable outside of PowerShell
[0.328s] DEBUG:colcon.colcon_core.shell:Skip shell extension 'dsv' for command environment
[0.330s] INFO:colcon.colcon_ros.task.ament_cmake.build:Building ROS package in '/home/shivamss/colcon_ws/src/orbslam3_ros2' with build type 'ament_cmake'
[0.331s] INFO:colcon.colcon_cmake.task.cmake.build:Building CMake package in '/home/shivamss/colcon_ws/src/orbslam3_ros2'
[0.331s] INFO:colcon.colcon_core.shell:Skip shell extension 'powershell' for command environment: Not usable outside of PowerShell
[0.331s] DEBUG:colcon.colcon_core.shell:Skip shell extension 'dsv' for command environment
[0.436s] INFO:colcon.colcon_core.task.python.build:Building Python package in '/home/shivamss/colcon_ws/src/lawn_mower_control'
[0.436s] INFO:colcon.colcon_core.shell:Skip shell extension 'powershell' for command environment: Not usable outside of PowerShell
[0.436s] DEBUG:colcon.colcon_core.shell:Skip shell extension 'dsv' for command environment
[0.441s] DEBUG:colcon.colcon_core.event_handler.log_command:Invoking command in '/home/shivamss/colcon_ws/build/lawn_mower_description': CMAKE_PREFIX_PATH=/opt/ros/humble /usr/bin/cmake --build /home/shivamss/colcon_ws/build/lawn_mower_description -- -j20 -l20
[0.445s] DEBUG:colcon.colcon_core.event_handler.log_command:Invoking command in '/home/shivamss/colcon_ws/build/lawn_mower_gazebo': CMAKE_PREFIX_PATH=/opt/ros/humble /usr/bin/cmake --build /home/shivamss/colcon_ws/build/lawn_mower_gazebo -- -j20 -l20
[0.448s] DEBUG:colcon.colcon_core.event_handler.log_command:Invoking command in '/home/shivamss/colcon_ws/build/orbslam3': CMAKE_PREFIX_PATH=/opt/ros/humble /usr/bin/cmake --build /home/shivamss/colcon_ws/build/orbslam3 -- -j20 -l20
[0.460s] DEBUG:colcon.colcon_core.event_handler.log_command:Invoked command in '/home/shivamss/colcon_ws/build/lawn_mower_description' returned '0': CMAKE_PREFIX_PATH=/opt/ros/humble /usr/bin/cmake --build /home/shivamss/colcon_ws/build/lawn_mower_description -- -j20 -l20
[0.462s] DEBUG:colcon.colcon_core.event_handler.log_command:Invoked command in '/home/shivamss/colcon_ws/build/lawn_mower_gazebo' returned '0': CMAKE_PREFIX_PATH=/opt/ros/humble /usr/bin/cmake --build /home/shivamss/colcon_ws/build/lawn_mower_gazebo -- -j20 -l20
[0.477s] DEBUG:colcon.colcon_core.event_handler.log_command:Invoking command in '/home/shivamss/colcon_ws/build/lawn_mower_description': CMAKE_PREFIX_PATH=/opt/ros/humble /usr/bin/cmake --install /home/shivamss/colcon_ws/build/lawn_mower_description
[0.480s] DEBUG:colcon.colcon_core.event_handler.log_command:Invoking command in '/home/shivamss/colcon_ws/build/lawn_mower_gazebo': CMAKE_PREFIX_PATH=/opt/ros/humble /usr/bin/cmake --install /home/shivamss/colcon_ws/build/lawn_mower_gazebo
[0.500s] DEBUG:colcon.colcon_core.event_handler.log_command:Invoked command in '/home/shivamss/colcon_ws/build/orbslam3' returned '0': CMAKE_PREFIX_PATH=/opt/ros/humble /usr/bin/cmake --build /home/shivamss/colcon_ws/build/orbslam3 -- -j20 -l20
[0.506s] Level 1:colcon.colcon_core.environment:create_environment_scripts_only(lawn_mower_gazebo)
[0.508s] DEBUG:colcon.colcon_core.event_handler.log_command:Invoked command in '/home/shivamss/colcon_ws/build/lawn_mower_gazebo' returned '0': CMAKE_PREFIX_PATH=/opt/ros/humble /usr/bin/cmake --install /home/shivamss/colcon_ws/build/lawn_mower_gazebo
[0.509s] Level 1:colcon.colcon_core.environment:checking '/home/shivamss/colcon_ws/install/lawn_mower_gazebo' for CMake module files
[0.509s] Level 1:colcon.colcon_core.environment:checking '/home/shivamss/colcon_ws/install/lawn_mower_gazebo' for CMake config files
[0.509s] Level 1:colcon.colcon_core.shell:create_environment_hook('lawn_mower_gazebo', 'cmake_prefix_path')
[0.509s] INFO:colcon.colcon_core.shell:Creating environment hook '/home/shivamss/colcon_ws/install/lawn_mower_gazebo/share/lawn_mower_gazebo/hook/cmake_prefix_path.ps1'
[0.510s] INFO:colcon.colcon_core.shell:Creating environment descriptor '/home/shivamss/colcon_ws/install/lawn_mower_gazebo/share/lawn_mower_gazebo/hook/cmake_prefix_path.dsv'
[0.510s] INFO:colcon.colcon_core.shell:Creating environment hook '/home/shivamss/colcon_ws/install/lawn_mower_gazebo/share/lawn_mower_gazebo/hook/cmake_prefix_path.sh'
[0.510s] Level 1:colcon.colcon_core.environment:checking '/home/shivamss/colcon_ws/install/lawn_mower_gazebo/bin'
[0.510s] Level 1:colcon.colcon_core.environment:checking '/home/shivamss/colcon_ws/install/lawn_mower_gazebo/lib/pkgconfig/lawn_mower_gazebo.pc'
[0.511s] Level 1:colcon.colcon_core.environment:checking '/home/shivamss/colcon_ws/install/lawn_mower_gazebo/lib/python3.10/site-packages'
[0.511s] Level 1:colcon.colcon_core.environment:checking '/home/shivamss/colcon_ws/install/lawn_mower_gazebo/bin'
[0.511s] INFO:colcon.colcon_core.shell:Creating package script '/home/shivamss/colcon_ws/install/lawn_mower_gazebo/share/lawn_mower_gazebo/package.ps1'
[0.511s] INFO:colcon.colcon_core.shell:Creating package descriptor '/home/shivamss/colcon_ws/install/lawn_mower_gazebo/share/lawn_mower_gazebo/package.dsv'
[0.512s] INFO:colcon.colcon_core.shell:Creating package script '/home/shivamss/colcon_ws/install/lawn_mower_gazebo/share/lawn_mower_gazebo/package.sh'
[0.512s] INFO:colcon.colcon_core.shell:Creating package script '/home/shivamss/colcon_ws/install/lawn_mower_gazebo/share/lawn_mower_gazebo/package.bash'
[0.513s] INFO:colcon.colcon_core.shell:Creating package script '/home/shivamss/colcon_ws/install/lawn_mower_gazebo/share/lawn_mower_gazebo/package.zsh'
[0.514s] Level 1:colcon.colcon_core.environment:create_file_with_runtime_dependencies(/home/shivamss/colcon_ws/install/lawn_mower_gazebo/share/colcon-core/packages/lawn_mower_gazebo)
[0.529s] DEBUG:colcon.colcon_core.event_handler.log_command:Invoking command in '/home/shivamss/colcon_ws/build/orbslam3': CMAKE_PREFIX_PATH=/opt/ros/humble /usr/bin/cmake --install /home/shivamss/colcon_ws/build/orbslam3
[0.530s] Level 1:colcon.colcon_core.environment:create_environment_scripts_only(lawn_mower_gazebo)
[0.530s] Level 1:colcon.colcon_core.environment:checking '/home/shivamss/colcon_ws/install/lawn_mower_gazebo' for CMake module files
[0.530s] Level 1:colcon.colcon_core.environment:checking '/home/shivamss/colcon_ws/install/lawn_mower_gazebo' for CMake config files
[0.530s] Level 1:colcon.colcon_core.shell:create_environment_hook('lawn_mower_gazebo', 'cmake_prefix_path')
[0.530s] INFO:colcon.colcon_core.shell:Creating environment hook '/home/shivamss/colcon_ws/install/lawn_mower_gazebo/share/lawn_mower_gazebo/hook/cmake_prefix_path.ps1'
[0.530s] INFO:colcon.colcon_core.shell:Creating environment descriptor '/home/shivamss/colcon_ws/install/lawn_mower_gazebo/share/lawn_mower_gazebo/hook/cmake_prefix_path.dsv'
[0.531s] INFO:colcon.colcon_core.shell:Creating environment hook '/home/shivamss/colcon_ws/install/lawn_mower_gazebo/share/lawn_mower_gazebo/hook/cmake_prefix_path.sh'
[0.531s] Level 1:colcon.colcon_core.environment:checking '/home/shivamss/colcon_ws/install/lawn_mower_gazebo/bin'
[0.531s] Level 1:colcon.colcon_core.environment:checking '/home/shivamss/colcon_ws/install/lawn_mower_gazebo/lib/pkgconfig/lawn_mower_gazebo.pc'
[0.531s] Level 1:colcon.colcon_core.environment:checking '/home/shivamss/colcon_ws/install/lawn_mower_gazebo/lib/python3.10/site-packages'
[0.532s] Level 1:colcon.colcon_core.environment:checking '/home/shivamss/colcon_ws/install/lawn_mower_gazebo/bin'
[0.532s] INFO:colcon.colcon_core.shell:Creating package script '/home/shivamss/colcon_ws/install/lawn_mower_gazebo/share/lawn_mower_gazebo/package.ps1'
[0.532s] INFO:colcon.colcon_core.shell:Creating package descriptor '/home/shivamss/colcon_ws/install/lawn_mower_gazebo/share/lawn_mower_gazebo/package.dsv'
[0.532s] INFO:colcon.colcon_core.shell:Creating package script '/home/shivamss/colcon_ws/install/lawn_mower_gazebo/share/lawn_mower_gazebo/package.sh'
[0.532s] INFO:colcon.colcon_core.shell:Creating package script '/home/shivamss/colcon_ws/install/lawn_mower_gazebo/share/lawn_mower_gazebo/package.bash'
[0.532s] INFO:colcon.colcon_core.shell:Creating package script '/home/shivamss/colcon_ws/install/lawn_mower_gazebo/share/lawn_mower_gazebo/package.zsh'
[0.533s] Level 1:colcon.colcon_core.environment:create_file_with_runtime_dependencies(/home/shivamss/colcon_ws/install/lawn_mower_gazebo/share/colcon-core/packages/lawn_mower_gazebo)
[0.540s] Level 1:colcon.colcon_core.environment:create_environment_scripts_only(orbslam3)
[0.540s] Level 1:colcon.colcon_core.environment:checking '/home/shivamss/colcon_ws/install/orbslam3' for CMake module files
[0.540s] DEBUG:colcon.colcon_core.event_handler.log_command:Invoked command in '/home/shivamss/colcon_ws/build/orbslam3' returned '0': CMAKE_PREFIX_PATH=/opt/ros/humble /usr/bin/cmake --install /home/shivamss/colcon_ws/build/orbslam3
[0.541s] Level 1:colcon.colcon_core.environment:checking '/home/shivamss/colcon_ws/install/orbslam3' for CMake config files
[0.541s] Level 1:colcon.colcon_core.shell:create_environment_hook('orbslam3', 'cmake_prefix_path')
[0.541s] INFO:colcon.colcon_core.shell:Creating environment hook '/home/shivamss/colcon_ws/install/orbslam3/share/orbslam3/hook/cmake_prefix_path.ps1'
[0.541s] INFO:colcon.colcon_core.shell:Creating environment descriptor '/home/shivamss/colcon_ws/install/orbslam3/share/orbslam3/hook/cmake_prefix_path.dsv'
[0.542s] INFO:colcon.colcon_core.shell:Creating environment hook '/home/shivamss/colcon_ws/install/orbslam3/share/orbslam3/hook/cmake_prefix_path.sh'
[0.542s] Level 1:colcon.colcon_core.environment:checking '/home/shivamss/colcon_ws/install/orbslam3/lib'
[0.542s] Level 1:colcon.colcon_core.environment:checking '/home/shivamss/colcon_ws/install/orbslam3/bin'
[0.542s] Level 1:colcon.colcon_core.environment:checking '/home/shivamss/colcon_ws/install/orbslam3/lib/pkgconfig/orbslam3.pc'
[0.543s] Level 1:colcon.colcon_core.environment:checking '/home/shivamss/colcon_ws/install/orbslam3/lib/python3.10/site-packages'
[0.543s] Level 1:colcon.colcon_core.environment:checking '/home/shivamss/colcon_ws/install/orbslam3/bin'
[0.543s] INFO:colcon.colcon_core.shell:Creating package script '/home/shivamss/colcon_ws/install/orbslam3/share/orbslam3/package.ps1'
[0.543s] INFO:colcon.colcon_core.shell:Creating package descriptor '/home/shivamss/colcon_ws/install/orbslam3/share/orbslam3/package.dsv'
[0.544s] INFO:colcon.colcon_core.shell:Creating package script '/home/shivamss/colcon_ws/install/orbslam3/share/orbslam3/package.sh'
[0.544s] INFO:colcon.colcon_core.shell:Creating package script '/home/shivamss/colcon_ws/install/orbslam3/share/orbslam3/package.bash'
[0.544s] INFO:colcon.colcon_core.shell:Creating package script '/home/shivamss/colcon_ws/install/orbslam3/share/orbslam3/package.zsh'
[0.544s] Level 1:colcon.colcon_core.environment:create_file_with_runtime_dependencies(/home/shivamss/colcon_ws/install/orbslam3/share/colcon-core/packages/orbslam3)
[0.570s] Level 1:colcon.colcon_core.environment:create_environment_scripts_only(orbslam3)
[0.570s] Level 1:colcon.colcon_core.environment:checking '/home/shivamss/colcon_ws/install/orbslam3' for CMake module files
[0.570s] Level 1:colcon.colcon_core.environment:checking '/home/shivamss/colcon_ws/install/orbslam3' for CMake config files
[0.570s] Level 1:colcon.colcon_core.shell:create_environment_hook('orbslam3', 'cmake_prefix_path')
[0.570s] INFO:colcon.colcon_core.shell:Creating environment hook '/home/shivamss/colcon_ws/install/orbslam3/share/orbslam3/hook/cmake_prefix_path.ps1'
[0.571s] INFO:colcon.colcon_core.shell:Creating environment descriptor '/home/shivamss/colcon_ws/install/orbslam3/share/orbslam3/hook/cmake_prefix_path.dsv'
[0.571s] INFO:colcon.colcon_core.shell:Creating environment hook '/home/shivamss/colcon_ws/install/orbslam3/share/orbslam3/hook/cmake_prefix_path.sh'
[0.572s] Level 1:colcon.colcon_core.environment:checking '/home/shivamss/colcon_ws/install/orbslam3/lib'
[0.572s] Level 1:colcon.colcon_core.environment:checking '/home/shivamss/colcon_ws/install/orbslam3/bin'
[0.572s] Level 1:colcon.colcon_core.environment:checking '/home/shivamss/colcon_ws/install/orbslam3/lib/pkgconfig/orbslam3.pc'
[0.572s] Level 1:colcon.colcon_core.environment:checking '/home/shivamss/colcon_ws/install/orbslam3/lib/python3.10/site-packages'
[0.572s] Level 1:colcon.colcon_core.environment:checking '/home/shivamss/colcon_ws/install/orbslam3/bin'
[0.572s] INFO:colcon.colcon_core.shell:Creating package script '/home/shivamss/colcon_ws/install/orbslam3/share/orbslam3/package.ps1'
[0.572s] INFO:colcon.colcon_core.shell:Creating package descriptor '/home/shivamss/colcon_ws/install/orbslam3/share/orbslam3/package.dsv'
[0.572s] INFO:colcon.colcon_core.shell:Creating package script '/home/shivamss/colcon_ws/install/orbslam3/share/orbslam3/package.sh'
[0.573s] INFO:colcon.colcon_core.shell:Creating package script '/home/shivamss/colcon_ws/install/orbslam3/share/orbslam3/package.bash'
[0.573s] INFO:colcon.colcon_core.shell:Creating package script '/home/shivamss/colcon_ws/install/orbslam3/share/orbslam3/package.zsh'
[0.573s] Level 1:colcon.colcon_core.environment:create_file_with_runtime_dependencies(/home/shivamss/colcon_ws/install/orbslam3/share/colcon-core/packages/orbslam3)
[0.632s] DEBUG:colcon.colcon_core.event_handler.log_command:Invoking command in '/home/shivamss/colcon_ws/build/lawn_mower_control': PYTHONPATH=/home/shivamss/colcon_ws/build/lawn_mower_control/prefix_override:/home/shivamss/colcon_ws/install/lawn_mower_control/lib/python3.10/site-packages:${PYTHONPATH} /usr/bin/python3 -W ignore:setup.py install is deprecated setup.py develop --editable --build-directory /home/shivamss/colcon_ws/build/lawn_mower_control/build --no-deps symlink_data
[0.720s] Level 1:colcon.colcon_core.environment:create_environment_scripts_only(lawn_mower_description)
[0.720s] DEBUG:colcon.colcon_core.event_handler.log_command:Invoked command in '/home/shivamss/colcon_ws/build/lawn_mower_description' returned '0': CMAKE_PREFIX_PATH=/opt/ros/humble /usr/bin/cmake --install /home/shivamss/colcon_ws/build/lawn_mower_description
[0.721s] Level 1:colcon.colcon_core.environment:checking '/home/shivamss/colcon_ws/install/lawn_mower_description' for CMake module files
[0.721s] Level 1:colcon.colcon_core.environment:checking '/home/shivamss/colcon_ws/install/lawn_mower_description' for CMake config files
[0.724s] Level 1:colcon.colcon_core.shell:create_environment_hook('lawn_mower_description', 'cmake_prefix_path')
[0.724s] INFO:colcon.colcon_core.shell:Creating environment hook '/home/shivamss/colcon_ws/install/lawn_mower_description/share/lawn_mower_description/hook/cmake_prefix_path.ps1'
[0.725s] INFO:colcon.colcon_core.shell:Creating environment descriptor '/home/shivamss/colcon_ws/install/lawn_mower_description/share/lawn_mower_description/hook/cmake_prefix_path.dsv'
[0.725s] INFO:colcon.colcon_core.shell:Creating environment hook '/home/shivamss/colcon_ws/install/lawn_mower_description/share/lawn_mower_description/hook/cmake_prefix_path.sh'
[0.725s] Level 1:colcon.colcon_core.environment:checking '/home/shivamss/colcon_ws/install/lawn_mower_description/lib'
[0.725s] Level 1:colcon.colcon_core.environment:checking '/home/shivamss/colcon_ws/install/lawn_mower_description/bin'
[0.725s] Level 1:colcon.colcon_core.environment:checking '/home/shivamss/colcon_ws/install/lawn_mower_description/lib/pkgconfig/lawn_mower_description.pc'
[0.726s] Level 1:colcon.colcon_core.environment:checking '/home/shivamss/colcon_ws/install/lawn_mower_description/lib/python3.10/site-packages'
[0.726s] Level 1:colcon.colcon_core.environment:checking '/home/shivamss/colcon_ws/install/lawn_mower_description/bin'
[0.726s] INFO:colcon.colcon_core.shell:Creating package script '/home/shivamss/colcon_ws/install/lawn_mower_description/share/lawn_mower_description/package.ps1'
[0.726s] INFO:colcon.colcon_core.shell:Creating package descriptor '/home/shivamss/colcon_ws/install/lawn_mower_description/share/lawn_mower_description/package.dsv'
[0.726s] INFO:colcon.colcon_core.shell:Creating package script '/home/shivamss/colcon_ws/install/lawn_mower_description/share/lawn_mower_description/package.sh'
[0.726s] INFO:colcon.colcon_core.shell:Creating package script '/home/shivamss/colcon_ws/install/lawn_mower_description/share/lawn_mower_description/package.bash'
[0.726s] INFO:colcon.colcon_core.shell:Creating package script '/home/shivamss/colcon_ws/install/lawn_mower_description/share/lawn_mower_description/package.zsh'
[0.726s] Level 1:colcon.colcon_core.environment:create_file_with_runtime_dependencies(/home/shivamss/colcon_ws/install/lawn_mower_description/share/colcon-core/packages/lawn_mower_description)
[0.739s] Level 1:colcon.colcon_core.environment:create_environment_scripts_only(lawn_mower_description)
[0.739s] Level 1:colcon.colcon_core.environment:checking '/home/shivamss/colcon_ws/install/lawn_mower_description' for CMake module files
[0.739s] Level 1:colcon.colcon_core.environment:checking '/home/shivamss/colcon_ws/install/lawn_mower_description' for CMake config files
[0.740s] Level 1:colcon.colcon_core.shell:create_environment_hook('lawn_mower_description', 'cmake_prefix_path')
[0.740s] INFO:colcon.colcon_core.shell:Creating environment hook '/home/shivamss/colcon_ws/install/lawn_mower_description/share/lawn_mower_description/hook/cmake_prefix_path.ps1'
[0.740s] INFO:colcon.colcon_core.shell:Creating environment descriptor '/home/shivamss/colcon_ws/install/lawn_mower_description/share/lawn_mower_description/hook/cmake_prefix_path.dsv'
[0.740s] INFO:colcon.colcon_core.shell:Creating environment hook '/home/shivamss/colcon_ws/install/lawn_mower_description/share/lawn_mower_description/hook/cmake_prefix_path.sh'
[0.741s] Level 1:colcon.colcon_core.environment:checking '/home/shivamss/colcon_ws/install/lawn_mower_description/lib'
[0.741s] Level 1:colcon.colcon_core.environment:checking '/home/shivamss/colcon_ws/install/lawn_mower_description/bin'
[0.741s] Level 1:colcon.colcon_core.environment:checking '/home/shivamss/colcon_ws/install/lawn_mower_description/lib/pkgconfig/lawn_mower_description.pc'
[0.741s] Level 1:colcon.colcon_core.environment:checking '/home/shivamss/colcon_ws/install/lawn_mower_description/lib/python3.10/site-packages'
[0.741s] Level 1:colcon.colcon_core.environment:checking '/home/shivamss/colcon_ws/install/lawn_mower_description/bin'
[0.741s] INFO:colcon.colcon_core.shell:Creating package script '/home/shivamss/colcon_ws/install/lawn_mower_description/share/lawn_mower_description/package.ps1'
[0.741s] INFO:colcon.colcon_core.shell:Creating package descriptor '/home/shivamss/colcon_ws/install/lawn_mower_description/share/lawn_mower_description/package.dsv'
[0.741s] INFO:colcon.colcon_core.shell:Creating package script '/home/shivamss/colcon_ws/install/lawn_mower_description/share/lawn_mower_description/package.sh'
[0.742s] INFO:colcon.colcon_core.shell:Creating package script '/home/shivamss/colcon_ws/install/lawn_mower_description/share/lawn_mower_description/package.bash'
[0.742s] INFO:colcon.colcon_core.shell:Creating package script '/home/shivamss/colcon_ws/install/lawn_mower_description/share/lawn_mower_description/package.zsh'
[0.742s] Level 1:colcon.colcon_core.environment:create_file_with_runtime_dependencies(/home/shivamss/colcon_ws/install/lawn_mower_description/share/colcon-core/packages/lawn_mower_description)
[0.831s] Level 1:colcon.colcon_core.shell:create_environment_hook('lawn_mower_control', 'pythonpath_develop')
[0.832s] INFO:colcon.colcon_core.shell:Creating environment hook '/home/shivamss/colcon_ws/build/lawn_mower_control/share/lawn_mower_control/hook/pythonpath_develop.ps1'
[0.832s] DEBUG:colcon.colcon_core.event_handler.log_command:Invoked command in '/home/shivamss/colcon_ws/build/lawn_mower_control' returned '0': PYTHONPATH=/home/shivamss/colcon_ws/build/lawn_mower_control/prefix_override:/home/shivamss/colcon_ws/install/lawn_mower_control/lib/python3.10/site-packages:${PYTHONPATH} /usr/bin/python3 -W ignore:setup.py install is deprecated setup.py develop --editable --build-directory /home/shivamss/colcon_ws/build/lawn_mower_control/build --no-deps symlink_data
[0.832s] INFO:colcon.colcon_core.shell:Creating environment descriptor '/home/shivamss/colcon_ws/build/lawn_mower_control/share/lawn_mower_control/hook/pythonpath_develop.dsv'
[0.832s] INFO:colcon.colcon_core.shell:Creating environment hook '/home/shivamss/colcon_ws/build/lawn_mower_control/share/lawn_mower_control/hook/pythonpath_develop.sh'
[0.833s] Level 1:colcon.colcon_core.environment:checking '/home/shivamss/colcon_ws/install/lawn_mower_control' for CMake module files
[0.833s] Level 1:colcon.colcon_core.environment:checking '/home/shivamss/colcon_ws/install/lawn_mower_control' for CMake config files
[0.833s] Level 1:colcon.colcon_core.environment:checking '/home/shivamss/colcon_ws/install/lawn_mower_control/lib'
[0.833s] Level 1:colcon.colcon_core.environment:checking '/home/shivamss/colcon_ws/install/lawn_mower_control/bin'
[0.833s] Level 1:colcon.colcon_core.environment:checking '/home/shivamss/colcon_ws/install/lawn_mower_control/lib/pkgconfig/lawn_mower_control.pc'
[0.833s] Level 1:colcon.colcon_core.environment:checking '/home/shivamss/colcon_ws/install/lawn_mower_control/lib/python3.10/site-packages'
[0.833s] Level 1:colcon.colcon_core.shell:create_environment_hook('lawn_mower_control', 'pythonpath')
[0.833s] INFO:colcon.colcon_core.shell:Creating environment hook '/home/shivamss/colcon_ws/install/lawn_mower_control/share/lawn_mower_control/hook/pythonpath.ps1'
[0.834s] INFO:colcon.colcon_core.shell:Creating environment descriptor '/home/shivamss/colcon_ws/install/lawn_mower_control/share/lawn_mower_control/hook/pythonpath.dsv'
[0.834s] INFO:colcon.colcon_core.shell:Creating environment hook '/home/shivamss/colcon_ws/install/lawn_mower_control/share/lawn_mower_control/hook/pythonpath.sh'
[0.834s] Level 1:colcon.colcon_core.environment:checking '/home/shivamss/colcon_ws/install/lawn_mower_control/bin'
[0.834s] Level 1:colcon.colcon_core.environment:create_environment_scripts_only(lawn_mower_control)
[0.834s] INFO:colcon.colcon_core.shell:Creating package script '/home/shivamss/colcon_ws/install/lawn_mower_control/share/lawn_mower_control/package.ps1'
[0.834s] INFO:colcon.colcon_core.shell:Creating package descriptor '/home/shivamss/colcon_ws/install/lawn_mower_control/share/lawn_mower_control/package.dsv'
[0.834s] INFO:colcon.colcon_core.shell:Creating package script '/home/shivamss/colcon_ws/install/lawn_mower_control/share/lawn_mower_control/package.sh'
[0.834s] INFO:colcon.colcon_core.shell:Creating package script '/home/shivamss/colcon_ws/install/lawn_mower_control/share/lawn_mower_control/package.bash'
[0.835s] INFO:colcon.colcon_core.shell:Creating package script '/home/shivamss/colcon_ws/install/lawn_mower_control/share/lawn_mower_control/package.zsh'
[0.835s] Level 1:colcon.colcon_core.environment:create_file_with_runtime_dependencies(/home/shivamss/colcon_ws/install/lawn_mower_control/share/colcon-core/packages/lawn_mower_control)
[0.835s] DEBUG:colcon.colcon_parallel_executor.executor.parallel:closing loop
[0.835s] DEBUG:colcon.colcon_parallel_executor.executor.parallel:loop closed
[0.835s] DEBUG:colcon.colcon_parallel_executor.executor.parallel:run_until_complete finished with '0'
[0.835s] DEBUG:colcon.colcon_core.event_reactor:joining thread
[0.868s] INFO:colcon.colcon_core.plugin_system:Skipping extension 'colcon_notification.desktop_notification.notify_send': Could not find 'notify-send'
[0.868s] INFO:colcon.colcon_core.plugin_system:Skipping extension 'colcon_notification.desktop_notification.terminal_notifier': Not used on non-Darwin systems
[0.868s] INFO:colcon.colcon_core.plugin_system:Skipping extension 'colcon_notification.desktop_notification.win32': Not used on non-Windows systems
[0.868s] INFO:colcon.colcon_notification.desktop_notification:Sending desktop notification using 'notify2'
[0.869s] DEBUG:colcon.colcon_notification.desktop_notification.notify2:Failed to initialize notify2: org.freedesktop.DBus.Error.ServiceUnknown: The name org.freedesktop.Notifications was not provided by any .service files
[0.869s] DEBUG:colcon.colcon_core.event_reactor:joined thread
[0.869s] INFO:colcon.colcon_core.shell:Creating prefix script '/home/shivamss/colcon_ws/install/local_setup.ps1'
[0.869s] INFO:colcon.colcon_core.shell:Creating prefix util module '/home/shivamss/colcon_ws/install/_local_setup_util_ps1.py'
[0.870s] INFO:colcon.colcon_core.shell:Creating prefix chain script '/home/shivamss/colcon_ws/install/setup.ps1'
[0.870s] INFO:colcon.colcon_core.shell:Creating prefix script '/home/shivamss/colcon_ws/install/local_setup.sh'
[0.871s] INFO:colcon.colcon_core.shell:Creating prefix util module '/home/shivamss/colcon_ws/install/_local_setup_util_sh.py'
[0.871s] INFO:colcon.colcon_core.shell:Creating prefix chain script '/home/shivamss/colcon_ws/install/setup.sh'
[0.872s] INFO:colcon.colcon_core.shell:Creating prefix script '/home/shivamss/colcon_ws/install/local_setup.bash'
[0.872s] INFO:colcon.colcon_core.shell:Creating prefix chain script '/home/shivamss/colcon_ws/install/setup.bash'
[0.872s] INFO:colcon.colcon_core.shell:Creating prefix script '/home/shivamss/colcon_ws/install/local_setup.zsh'
[0.872s] INFO:colcon.colcon_core.shell:Creating prefix chain script '/home/shivamss/colcon_ws/install/setup.zsh'
