[0.471s] DEBUG:colcon:Command line arguments: ['/usr/bin/colcon', 'build', '--packages-select', 'lawn_mower_description']
[0.472s] DEBUG:colcon:Parsed command line arguments: Namespace(log_base=None, log_level=None, verb_name='build', build_base='build', install_base='install', merge_install=False, symlink_install=False, test_result_base=None, continue_on_error=False, executor='parallel', parallel_workers=20, event_handlers=None, ignore_user_meta=False, metas=['./colcon.meta'], base_paths=['.'], packages_ignore=None, packages_ignore_regex=None, paths=None, packages_up_to=None, packages_up_to_regex=None, packages_above=None, packages_above_and_dependencies=None, packages_above_depth=None, packages_select_by_dep=None, packages_skip_by_dep=None, packages_skip_up_to=None, packages_select_build_failed=False, packages_skip_build_finished=False, packages_select_test_failures=False, packages_skip_test_passed=False, packages_select=['lawn_mower_description'], packages_skip=None, packages_select_regex=None, packages_skip_regex=None, packages_start=None, packages_end=None, allow_overriding=[], cmake_args=None, cmake_target=None, cmake_target_skip_unavailable=False, cmake_clean_cache=False, cmake_clean_first=False, cmake_force_configure=False, ament_cmake_args=None, catkin_cmake_args=None, catkin_skip_building_tests=False, verb_parser=<colcon_defaults.argument_parser.defaults.DefaultArgumentsDecorator object at 0x7fe5fe7ac3d0>, verb_extension=<colcon_core.verb.build.BuildVerb object at 0x7fe5fe77bf40>, main=<bound method BuildVerb.main of <colcon_core.verb.build.BuildVerb object at 0x7fe5fe77bf40>>)
[0.851s] Level 1:colcon.colcon_core.package_discovery:discover_packages(colcon_meta) check parameters
[0.851s] Level 1:colcon.colcon_core.package_discovery:discover_packages(recursive) check parameters
[0.852s] Level 1:colcon.colcon_core.package_discovery:discover_packages(ignore) check parameters
[0.852s] Level 1:colcon.colcon_core.package_discovery:discover_packages(path) check parameters
[0.852s] Level 1:colcon.colcon_core.package_discovery:discover_packages(colcon_meta) discover
[0.852s] Level 1:colcon.colcon_core.package_discovery:discover_packages(recursive) discover
[0.852s] INFO:colcon.colcon_core.package_discovery:Crawling recursively for packages in '/home/shivamss/colcon_ws'
[0.852s] Level 1:colcon.colcon_core.package_identification:_identify(.) by extensions ['ignore', 'ignore_ament_install']
[0.852s] Level 1:colcon.colcon_core.package_identification:_identify(.) by extension 'ignore'
[0.853s] Level 1:colcon.colcon_core.package_identification:_identify(.) by extension 'ignore_ament_install'
[0.853s] Level 1:colcon.colcon_core.package_identification:_identify(.) by extensions ['colcon_pkg']
[0.853s] Level 1:colcon.colcon_core.package_identification:_identify(.) by extension 'colcon_pkg'
[0.853s] Level 1:colcon.colcon_core.package_identification:_identify(.) by extensions ['colcon_meta']
[0.853s] Level 1:colcon.colcon_core.package_identification:_identify(.) by extension 'colcon_meta'
[0.853s] Level 1:colcon.colcon_core.package_identification:_identify(.) by extensions ['ros']
[0.853s] Level 1:colcon.colcon_core.package_identification:_identify(.) by extension 'ros'
[0.883s] Level 1:colcon.colcon_core.package_identification:_identify(.) by extensions ['cmake', 'python']
[0.883s] Level 1:colcon.colcon_core.package_identification:_identify(.) by extension 'cmake'
[0.883s] Level 1:colcon.colcon_core.package_identification:_identify(.) by extension 'python'
[0.883s] Level 1:colcon.colcon_core.package_identification:_identify(.) by extensions ['python_setup_py']
[0.883s] Level 1:colcon.colcon_core.package_identification:_identify(.) by extension 'python_setup_py'
[0.884s] Level 1:colcon.colcon_core.package_identification:_identify(build) by extensions ['ignore', 'ignore_ament_install']
[0.884s] Level 1:colcon.colcon_core.package_identification:_identify(build) by extension 'ignore'
[0.885s] Level 1:colcon.colcon_core.package_identification:_identify(build) ignored
[0.885s] Level 1:colcon.colcon_core.package_identification:_identify(install) by extensions ['ignore', 'ignore_ament_install']
[0.885s] Level 1:colcon.colcon_core.package_identification:_identify(install) by extension 'ignore'
[0.886s] Level 1:colcon.colcon_core.package_identification:_identify(install) ignored
[0.886s] Level 1:colcon.colcon_core.package_identification:_identify(log) by extensions ['ignore', 'ignore_ament_install']
[0.886s] Level 1:colcon.colcon_core.package_identification:_identify(log) by extension 'ignore'
[0.886s] Level 1:colcon.colcon_core.package_identification:_identify(log) ignored
[0.887s] Level 1:colcon.colcon_core.package_identification:_identify(src) by extensions ['ignore', 'ignore_ament_install']
[0.887s] Level 1:colcon.colcon_core.package_identification:_identify(src) by extension 'ignore'
[0.887s] Level 1:colcon.colcon_core.package_identification:_identify(src) by extension 'ignore_ament_install'
[0.887s] Level 1:colcon.colcon_core.package_identification:_identify(src) by extensions ['colcon_pkg']
[0.888s] Level 1:colcon.colcon_core.package_identification:_identify(src) by extension 'colcon_pkg'
[0.888s] Level 1:colcon.colcon_core.package_identification:_identify(src) by extensions ['colcon_meta']
[0.888s] Level 1:colcon.colcon_core.package_identification:_identify(src) by extension 'colcon_meta'
[0.888s] Level 1:colcon.colcon_core.package_identification:_identify(src) by extensions ['ros']
[0.888s] Level 1:colcon.colcon_core.package_identification:_identify(src) by extension 'ros'
[0.888s] Level 1:colcon.colcon_core.package_identification:_identify(src) by extensions ['cmake', 'python']
[0.888s] Level 1:colcon.colcon_core.package_identification:_identify(src) by extension 'cmake'
[0.888s] Level 1:colcon.colcon_core.package_identification:_identify(src) by extension 'python'
[0.889s] Level 1:colcon.colcon_core.package_identification:_identify(src) by extensions ['python_setup_py']
[0.889s] Level 1:colcon.colcon_core.package_identification:_identify(src) by extension 'python_setup_py'
[0.889s] Level 1:colcon.colcon_core.package_identification:_identify(src/lawn_mower_control) by extensions ['ignore', 'ignore_ament_install']
[0.889s] Level 1:colcon.colcon_core.package_identification:_identify(src/lawn_mower_control) by extension 'ignore'
[0.890s] Level 1:colcon.colcon_core.package_identification:_identify(src/lawn_mower_control) by extension 'ignore_ament_install'
[0.890s] Level 1:colcon.colcon_core.package_identification:_identify(src/lawn_mower_control) by extensions ['colcon_pkg']
[0.890s] Level 1:colcon.colcon_core.package_identification:_identify(src/lawn_mower_control) by extension 'colcon_pkg'
[0.890s] Level 1:colcon.colcon_core.package_identification:_identify(src/lawn_mower_control) by extensions ['colcon_meta']
[0.890s] Level 1:colcon.colcon_core.package_identification:_identify(src/lawn_mower_control) by extension 'colcon_meta'
[0.890s] Level 1:colcon.colcon_core.package_identification:_identify(src/lawn_mower_control) by extensions ['ros']
[0.890s] Level 1:colcon.colcon_core.package_identification:_identify(src/lawn_mower_control) by extension 'ros'
[0.898s] DEBUG:colcon.colcon_core.package_identification:Package 'src/lawn_mower_control' with type 'ros.ament_python' and name 'lawn_mower_control'
[0.899s] Level 1:colcon.colcon_core.package_identification:_identify(src/lawn_mower_descriptions) by extensions ['ignore', 'ignore_ament_install']
[0.899s] Level 1:colcon.colcon_core.package_identification:_identify(src/lawn_mower_descriptions) by extension 'ignore'
[0.899s] Level 1:colcon.colcon_core.package_identification:_identify(src/lawn_mower_descriptions) by extension 'ignore_ament_install'
[0.899s] Level 1:colcon.colcon_core.package_identification:_identify(src/lawn_mower_descriptions) by extensions ['colcon_pkg']
[0.899s] Level 1:colcon.colcon_core.package_identification:_identify(src/lawn_mower_descriptions) by extension 'colcon_pkg'
[0.899s] Level 1:colcon.colcon_core.package_identification:_identify(src/lawn_mower_descriptions) by extensions ['colcon_meta']
[0.899s] Level 1:colcon.colcon_core.package_identification:_identify(src/lawn_mower_descriptions) by extension 'colcon_meta'
[0.899s] Level 1:colcon.colcon_core.package_identification:_identify(src/lawn_mower_descriptions) by extensions ['ros']
[0.899s] Level 1:colcon.colcon_core.package_identification:_identify(src/lawn_mower_descriptions) by extension 'ros'
[0.901s] DEBUG:colcon.colcon_core.package_identification:Package 'src/lawn_mower_descriptions' with type 'ros.ament_cmake' and name 'lawn_mower_description'
[0.901s] Level 1:colcon.colcon_core.package_identification:_identify(src/lawn_mower_gazebo) by extensions ['ignore', 'ignore_ament_install']
[0.902s] Level 1:colcon.colcon_core.package_identification:_identify(src/lawn_mower_gazebo) by extension 'ignore'
[0.902s] Level 1:colcon.colcon_core.package_identification:_identify(src/lawn_mower_gazebo) by extension 'ignore_ament_install'
[0.902s] Level 1:colcon.colcon_core.package_identification:_identify(src/lawn_mower_gazebo) by extensions ['colcon_pkg']
[0.902s] Level 1:colcon.colcon_core.package_identification:_identify(src/lawn_mower_gazebo) by extension 'colcon_pkg'
[0.902s] Level 1:colcon.colcon_core.package_identification:_identify(src/lawn_mower_gazebo) by extensions ['colcon_meta']
[0.902s] Level 1:colcon.colcon_core.package_identification:_identify(src/lawn_mower_gazebo) by extension 'colcon_meta'
[0.902s] Level 1:colcon.colcon_core.package_identification:_identify(src/lawn_mower_gazebo) by extensions ['ros']
[0.902s] Level 1:colcon.colcon_core.package_identification:_identify(src/lawn_mower_gazebo) by extension 'ros'
[0.904s] DEBUG:colcon.colcon_core.package_identification:Package 'src/lawn_mower_gazebo' with type 'ros.ament_cmake' and name 'lawn_mower_gazebo'
[0.904s] Level 1:colcon.colcon_core.package_identification:_identify(src/orbslam3_ros2) by extensions ['ignore', 'ignore_ament_install']
[0.905s] Level 1:colcon.colcon_core.package_identification:_identify(src/orbslam3_ros2) by extension 'ignore'
[0.905s] Level 1:colcon.colcon_core.package_identification:_identify(src/orbslam3_ros2) by extension 'ignore_ament_install'
[0.905s] Level 1:colcon.colcon_core.package_identification:_identify(src/orbslam3_ros2) by extensions ['colcon_pkg']
[0.905s] Level 1:colcon.colcon_core.package_identification:_identify(src/orbslam3_ros2) by extension 'colcon_pkg'
[0.905s] Level 1:colcon.colcon_core.package_identification:_identify(src/orbslam3_ros2) by extensions ['colcon_meta']
[0.905s] Level 1:colcon.colcon_core.package_identification:_identify(src/orbslam3_ros2) by extension 'colcon_meta'
[0.905s] Level 1:colcon.colcon_core.package_identification:_identify(src/orbslam3_ros2) by extensions ['ros']
[0.905s] Level 1:colcon.colcon_core.package_identification:_identify(src/orbslam3_ros2) by extension 'ros'
[0.907s] DEBUG:colcon.colcon_core.package_identification:Package 'src/orbslam3_ros2' with type 'ros.ament_cmake' and name 'orbslam3'
[0.907s] Level 1:colcon.colcon_core.package_discovery:discover_packages(recursive) using defaults
[0.907s] Level 1:colcon.colcon_core.package_discovery:discover_packages(ignore) discover
[0.907s] Level 1:colcon.colcon_core.package_discovery:discover_packages(ignore) using defaults
[0.907s] Level 1:colcon.colcon_core.package_discovery:discover_packages(path) discover
[0.907s] Level 1:colcon.colcon_core.package_discovery:discover_packages(path) using defaults
[0.973s] INFO:colcon.colcon_core.package_selection:Skipping not selected package 'lawn_mower_control' in 'src/lawn_mower_control'
[0.974s] INFO:colcon.colcon_core.package_selection:Skipping not selected package 'lawn_mower_gazebo' in 'src/lawn_mower_gazebo'
[0.974s] INFO:colcon.colcon_core.package_selection:Skipping not selected package 'orbslam3' in 'src/orbslam3_ros2'
[0.975s] Level 1:colcon.colcon_core.package_discovery:discover_packages(prefix_path) check parameters
[0.975s] Level 1:colcon.colcon_core.package_discovery:discover_packages(prefix_path) discover
[0.980s] DEBUG:colcon.colcon_installed_package_information.package_discovery:Found 4 installed packages in /home/shivamss/colcon_ws/install
[0.984s] DEBUG:colcon.colcon_installed_package_information.package_discovery:Found 338 installed packages in /opt/ros/humble
[0.987s] Level 1:colcon.colcon_core.package_discovery:discover_packages(prefix_path) using defaults
[1.085s] Level 5:colcon.colcon_core.verb:set package 'lawn_mower_description' build argument 'cmake_args' from command line to 'None'
[1.085s] Level 5:colcon.colcon_core.verb:set package 'lawn_mower_description' build argument 'cmake_target' from command line to 'None'
[1.086s] Level 5:colcon.colcon_core.verb:set package 'lawn_mower_description' build argument 'cmake_target_skip_unavailable' from command line to 'False'
[1.086s] Level 5:colcon.colcon_core.verb:set package 'lawn_mower_description' build argument 'cmake_clean_cache' from command line to 'False'
[1.086s] Level 5:colcon.colcon_core.verb:set package 'lawn_mower_description' build argument 'cmake_clean_first' from command line to 'False'
[1.086s] Level 5:colcon.colcon_core.verb:set package 'lawn_mower_description' build argument 'cmake_force_configure' from command line to 'False'
[1.086s] Level 5:colcon.colcon_core.verb:set package 'lawn_mower_description' build argument 'ament_cmake_args' from command line to 'None'
[1.086s] Level 5:colcon.colcon_core.verb:set package 'lawn_mower_description' build argument 'catkin_cmake_args' from command line to 'None'
[1.086s] Level 5:colcon.colcon_core.verb:set package 'lawn_mower_description' build argument 'catkin_skip_building_tests' from command line to 'False'
[1.086s] DEBUG:colcon.colcon_core.verb:Building package 'lawn_mower_description' with the following arguments: {'ament_cmake_args': None, 'build_base': '/home/shivamss/colcon_ws/build/lawn_mower_description', 'catkin_cmake_args': None, 'catkin_skip_building_tests': False, 'cmake_args': None, 'cmake_clean_cache': False, 'cmake_clean_first': False, 'cmake_force_configure': False, 'cmake_target': None, 'cmake_target_skip_unavailable': False, 'install_base': '/home/shivamss/colcon_ws/install/lawn_mower_description', 'merge_install': False, 'path': '/home/shivamss/colcon_ws/src/lawn_mower_descriptions', 'symlink_install': False, 'test_result_base': None}
[1.086s] INFO:colcon.colcon_core.executor:Executing jobs using 'parallel' executor
[1.088s] DEBUG:colcon.colcon_parallel_executor.executor.parallel:run_until_complete
[1.089s] INFO:colcon.colcon_ros.task.ament_cmake.build:Building ROS package in '/home/shivamss/colcon_ws/src/lawn_mower_descriptions' with build type 'ament_cmake'
[1.090s] INFO:colcon.colcon_cmake.task.cmake.build:Building CMake package in '/home/shivamss/colcon_ws/src/lawn_mower_descriptions'
[1.097s] INFO:colcon.colcon_core.plugin_system:Skipping extension 'colcon_core.shell.bat': Not used on non-Windows systems
[1.097s] INFO:colcon.colcon_core.shell:Skip shell extension 'powershell' for command environment: Not usable outside of PowerShell
[1.097s] DEBUG:colcon.colcon_core.shell:Skip shell extension 'dsv' for command environment
[1.123s] DEBUG:colcon.colcon_core.event_handler.log_command:Invoking command in '/home/shivamss/colcon_ws/build/lawn_mower_description': CMAKE_PREFIX_PATH=${CMAKE_PREFIX_PATH}:/home/shivamss/colcon_ws/install/lawn_mower_control:/opt/ros/humble /usr/bin/cmake --build /home/shivamss/colcon_ws/build/lawn_mower_description -- -j20 -l20
[4.137s] DEBUG:colcon.colcon_core.event_handler.log_command:Invoked command in '/home/shivamss/colcon_ws/build/lawn_mower_description' returned '0': CMAKE_PREFIX_PATH=${CMAKE_PREFIX_PATH}:/home/shivamss/colcon_ws/install/lawn_mower_control:/opt/ros/humble /usr/bin/cmake --build /home/shivamss/colcon_ws/build/lawn_mower_description -- -j20 -l20
[4.237s] DEBUG:colcon.colcon_core.event_handler.log_command:Invoking command in '/home/shivamss/colcon_ws/build/lawn_mower_description': CMAKE_PREFIX_PATH=${CMAKE_PREFIX_PATH}:/home/shivamss/colcon_ws/install/lawn_mower_control:/opt/ros/humble /usr/bin/cmake --install /home/shivamss/colcon_ws/build/lawn_mower_description
[4.289s] Level 1:colcon.colcon_core.environment:create_environment_scripts_only(lawn_mower_description)
[4.290s] DEBUG:colcon.colcon_core.event_handler.log_command:Invoked command in '/home/shivamss/colcon_ws/build/lawn_mower_description' returned '0': CMAKE_PREFIX_PATH=${CMAKE_PREFIX_PATH}:/home/shivamss/colcon_ws/install/lawn_mower_control:/opt/ros/humble /usr/bin/cmake --install /home/shivamss/colcon_ws/build/lawn_mower_description
[4.295s] Level 1:colcon.colcon_core.environment:checking '/home/shivamss/colcon_ws/install/lawn_mower_description' for CMake module files
[4.296s] Level 1:colcon.colcon_core.environment:checking '/home/shivamss/colcon_ws/install/lawn_mower_description' for CMake config files
[4.297s] Level 1:colcon.colcon_core.shell:create_environment_hook('lawn_mower_description', 'cmake_prefix_path')
[4.298s] INFO:colcon.colcon_core.shell:Creating environment hook '/home/shivamss/colcon_ws/install/lawn_mower_description/share/lawn_mower_description/hook/cmake_prefix_path.ps1'
[4.300s] INFO:colcon.colcon_core.shell:Creating environment descriptor '/home/shivamss/colcon_ws/install/lawn_mower_description/share/lawn_mower_description/hook/cmake_prefix_path.dsv'
[4.301s] INFO:colcon.colcon_core.shell:Creating environment hook '/home/shivamss/colcon_ws/install/lawn_mower_description/share/lawn_mower_description/hook/cmake_prefix_path.sh'
[4.302s] Level 1:colcon.colcon_core.environment:checking '/home/shivamss/colcon_ws/install/lawn_mower_description/lib'
[4.302s] Level 1:colcon.colcon_core.environment:checking '/home/shivamss/colcon_ws/install/lawn_mower_description/bin'
[4.303s] Level 1:colcon.colcon_core.environment:checking '/home/shivamss/colcon_ws/install/lawn_mower_description/lib/pkgconfig/lawn_mower_description.pc'
[4.303s] Level 1:colcon.colcon_core.environment:checking '/home/shivamss/colcon_ws/install/lawn_mower_description/lib/python3.10/site-packages'
[4.303s] Level 1:colcon.colcon_core.environment:checking '/home/shivamss/colcon_ws/install/lawn_mower_description/bin'
[4.304s] INFO:colcon.colcon_core.shell:Creating package script '/home/shivamss/colcon_ws/install/lawn_mower_description/share/lawn_mower_description/package.ps1'
[4.305s] INFO:colcon.colcon_core.shell:Creating package descriptor '/home/shivamss/colcon_ws/install/lawn_mower_description/share/lawn_mower_description/package.dsv'
[4.306s] INFO:colcon.colcon_core.shell:Creating package script '/home/shivamss/colcon_ws/install/lawn_mower_description/share/lawn_mower_description/package.sh'
[4.308s] INFO:colcon.colcon_core.shell:Creating package script '/home/shivamss/colcon_ws/install/lawn_mower_description/share/lawn_mower_description/package.bash'
[4.311s] INFO:colcon.colcon_core.shell:Creating package script '/home/shivamss/colcon_ws/install/lawn_mower_description/share/lawn_mower_description/package.zsh'
[4.312s] Level 1:colcon.colcon_core.environment:create_file_with_runtime_dependencies(/home/shivamss/colcon_ws/install/lawn_mower_description/share/colcon-core/packages/lawn_mower_description)
[4.399s] Level 1:colcon.colcon_core.environment:create_environment_scripts_only(lawn_mower_description)
[4.400s] Level 1:colcon.colcon_core.environment:checking '/home/shivamss/colcon_ws/install/lawn_mower_description' for CMake module files
[4.401s] Level 1:colcon.colcon_core.environment:checking '/home/shivamss/colcon_ws/install/lawn_mower_description' for CMake config files
[4.402s] Level 1:colcon.colcon_core.shell:create_environment_hook('lawn_mower_description', 'cmake_prefix_path')
[4.403s] INFO:colcon.colcon_core.shell:Creating environment hook '/home/shivamss/colcon_ws/install/lawn_mower_description/share/lawn_mower_description/hook/cmake_prefix_path.ps1'
[4.404s] INFO:colcon.colcon_core.shell:Creating environment descriptor '/home/shivamss/colcon_ws/install/lawn_mower_description/share/lawn_mower_description/hook/cmake_prefix_path.dsv'
[4.405s] INFO:colcon.colcon_core.shell:Creating environment hook '/home/shivamss/colcon_ws/install/lawn_mower_description/share/lawn_mower_description/hook/cmake_prefix_path.sh'
[4.406s] Level 1:colcon.colcon_core.environment:checking '/home/shivamss/colcon_ws/install/lawn_mower_description/lib'
[4.406s] Level 1:colcon.colcon_core.environment:checking '/home/shivamss/colcon_ws/install/lawn_mower_description/bin'
[4.407s] Level 1:colcon.colcon_core.environment:checking '/home/shivamss/colcon_ws/install/lawn_mower_description/lib/pkgconfig/lawn_mower_description.pc'
[4.407s] Level 1:colcon.colcon_core.environment:checking '/home/shivamss/colcon_ws/install/lawn_mower_description/lib/python3.10/site-packages'
[4.407s] Level 1:colcon.colcon_core.environment:checking '/home/shivamss/colcon_ws/install/lawn_mower_description/bin'
[4.408s] INFO:colcon.colcon_core.shell:Creating package script '/home/shivamss/colcon_ws/install/lawn_mower_description/share/lawn_mower_description/package.ps1'
[4.409s] INFO:colcon.colcon_core.shell:Creating package descriptor '/home/shivamss/colcon_ws/install/lawn_mower_description/share/lawn_mower_description/package.dsv'
[4.411s] INFO:colcon.colcon_core.shell:Creating package script '/home/shivamss/colcon_ws/install/lawn_mower_description/share/lawn_mower_description/package.sh'
[4.413s] INFO:colcon.colcon_core.shell:Creating package script '/home/shivamss/colcon_ws/install/lawn_mower_description/share/lawn_mower_description/package.bash'
[4.414s] INFO:colcon.colcon_core.shell:Creating package script '/home/shivamss/colcon_ws/install/lawn_mower_description/share/lawn_mower_description/package.zsh'
[4.416s] Level 1:colcon.colcon_core.environment:create_file_with_runtime_dependencies(/home/shivamss/colcon_ws/install/lawn_mower_description/share/colcon-core/packages/lawn_mower_description)
[4.417s] DEBUG:colcon.colcon_parallel_executor.executor.parallel:closing loop
[4.418s] DEBUG:colcon.colcon_parallel_executor.executor.parallel:loop closed
[4.418s] DEBUG:colcon.colcon_parallel_executor.executor.parallel:run_until_complete finished with '0'
[4.419s] DEBUG:colcon.colcon_core.event_reactor:joining thread
[4.495s] INFO:colcon.colcon_core.plugin_system:Skipping extension 'colcon_notification.desktop_notification.notify_send': Could not find 'notify-send'
[4.496s] INFO:colcon.colcon_core.plugin_system:Skipping extension 'colcon_notification.desktop_notification.terminal_notifier': Not used on non-Darwin systems
[4.496s] INFO:colcon.colcon_core.plugin_system:Skipping extension 'colcon_notification.desktop_notification.win32': Not used on non-Windows systems
[4.496s] INFO:colcon.colcon_notification.desktop_notification:Sending desktop notification using 'notify2'
[4.499s] DEBUG:colcon.colcon_notification.desktop_notification.notify2:Failed to initialize notify2: org.freedesktop.DBus.Error.ServiceUnknown: The name org.freedesktop.Notifications was not provided by any .service files
[4.499s] DEBUG:colcon.colcon_core.event_reactor:joined thread
[4.500s] INFO:colcon.colcon_core.shell:Creating prefix script '/home/shivamss/colcon_ws/install/local_setup.ps1'
[4.502s] INFO:colcon.colcon_core.shell:Creating prefix util module '/home/shivamss/colcon_ws/install/_local_setup_util_ps1.py'
[4.505s] INFO:colcon.colcon_core.shell:Creating prefix chain script '/home/shivamss/colcon_ws/install/setup.ps1'
[4.508s] INFO:colcon.colcon_core.shell:Creating prefix script '/home/shivamss/colcon_ws/install/local_setup.sh'
[4.509s] INFO:colcon.colcon_core.shell:Creating prefix util module '/home/shivamss/colcon_ws/install/_local_setup_util_sh.py'
[4.510s] INFO:colcon.colcon_core.shell:Creating prefix chain script '/home/shivamss/colcon_ws/install/setup.sh'
[4.513s] INFO:colcon.colcon_core.shell:Creating prefix script '/home/shivamss/colcon_ws/install/local_setup.bash'
[4.514s] INFO:colcon.colcon_core.shell:Creating prefix chain script '/home/shivamss/colcon_ws/install/setup.bash'
[4.516s] INFO:colcon.colcon_core.shell:Creating prefix script '/home/shivamss/colcon_ws/install/local_setup.zsh'
[4.518s] INFO:colcon.colcon_core.shell:Creating prefix chain script '/home/shivamss/colcon_ws/install/setup.zsh'
