[0.115s] Invoking command in '/home/shivamss/colcon_ws/build/lawn_mower_gazebo': CMAKE_PREFIX_PATH=/opt/ros/humble /usr/bin/cmake /home/shivamss/colcon_ws/src/lawn_mower_gazebo -DAMENT_CMAKE_SYMLINK_INSTALL=1 -DCMAKE_INSTALL_PREFIX=/home/shivamss/colcon_ws/install/lawn_mower_gazebo
[0.181s] -- The C compiler identification is GNU 11.4.0
[0.295s] -- The CXX compiler identification is GNU 11.4.0
[0.368s] -- Detecting C compiler ABI info
[0.415s] -- Detecting C compiler ABI info - done
[0.419s] -- Check for working C compiler: /usr/bin/cc - skipped
[0.419s] -- Detecting C compile features
[0.419s] -- Detecting C compile features - done
[0.420s] -- Detecting CXX compiler ABI info
[0.488s] -- Detecting CXX compiler ABI info - done
[0.493s] -- Check for working CXX compiler: /usr/bin/c++ - skipped
[0.493s] -- Detecting CXX compile features
[0.493s] -- Detecting CXX compile features - done
[0.494s] -- Found ament_cmake: 1.3.8 (/opt/ros/humble/share/ament_cmake/cmake)
[0.570s] -- Found Python3: /usr/bin/python3 (found version "3.10.12") found components: Interpreter 
[0.604s] -- Override CMake install command with custom implementation using symlinks instead of copying resources
[0.615s] -- Found rclcpp: 16.0.8 (/opt/ros/humble/share/rclcpp/cmake)
[0.665s] -- Found rosidl_generator_c: 3.1.5 (/opt/ros/humble/share/rosidl_generator_c/cmake)
[0.667s] -- Found rosidl_adapter: 3.1.5 (/opt/ros/humble/share/rosidl_adapter/cmake)
[0.671s] -- Found rosidl_generator_cpp: 3.1.5 (/opt/ros/humble/share/rosidl_generator_cpp/cmake)
[0.679s] -- Using all available rosidl_typesupport_c: rosidl_typesupport_fastrtps_c;rosidl_typesupport_introspection_c
[0.688s] -- Using all available rosidl_typesupport_cpp: rosidl_typesupport_fastrtps_cpp;rosidl_typesupport_introspection_cpp
[0.723s] -- Found rmw_implementation_cmake: 6.1.1 (/opt/ros/humble/share/rmw_implementation_cmake/cmake)
[0.724s] -- Found rmw_fastrtps_cpp: 6.2.6 (/opt/ros/humble/share/rmw_fastrtps_cpp/cmake)
[1.057s] -- Found OpenSSL: /usr/lib/x86_64-linux-gnu/libcrypto.so (found version "3.0.2")  
[1.426s] -- Found FastRTPS: /opt/ros/humble/include  
[2.022s] -- Using RMW implementation 'rmw_fastrtps_cpp' as default
[2.026s] -- Looking for pthread.h
[2.073s] -- Looking for pthread.h - found
[2.073s] -- Performing Test CMAKE_HAVE_LIBC_PTHREAD
[2.119s] -- Performing Test CMAKE_HAVE_LIBC_PTHREAD - Success
[2.120s] -- Found Threads: TRUE  
[2.198s] -- Found rclpy: 3.3.12 (/opt/ros/humble/share/rclpy/cmake)
[2.199s] -- Found ament_lint_auto: 0.12.10 (/opt/ros/humble/share/ament_lint_auto/cmake)
[2.239s] -- Added test 'copyright' to check source files copyright and LICENSE
[2.240s] -- Added test 'flake8' to check Python code syntax and style conventions
[2.240s] -- Added test 'lint_cmake' to check CMake code style
[2.241s] -- Added test 'pep257' to check Python code against some of the docstring style conventions in PEP 257
[2.241s] -- Added test 'xmllint' to check XML markup files
[2.242s] -- Configuring done
[2.245s] -- Generating done
[2.246s] -- Build files have been written to: /home/shivamss/colcon_ws/build/lawn_mower_gazebo
