-- Install configuration: ""
-- Execute custom install script
-- Symlinking: /home/shivamss/colcon_ws/install/lawn_mower_gazebo/share/lawn_mower_gazebo//launch/lawn_mower_launch.py
-- Symlinking: /home/shivamss/colcon_ws/install/lawn_mower_gazebo/share/lawn_mower_gazebo//launch/lawn_mower_launch.py:Zone.Identifier
-- Symlinking: /home/shivamss/colcon_ws/install/lawn_mower_gazebo/share/lawn_mower_gazebo//launch/start_world_launch.py
-- Symlinking: /home/shivamss/colcon_ws/install/lawn_mower_gazebo/share/lawn_mower_gazebo//launch/start_world_launch.py:Zone.Identifier
-- Symlinking: /home/shivamss/colcon_ws/install/lawn_mower_gazebo/share/lawn_mower_gazebo//worlds/baylands.world
-- Symlinking: /home/shivamss/colcon_ws/install/lawn_mower_gazebo/share/lawn_mower_gazebo//worlds/baylands.world:Zone.Identifier
-- Symlinking: /home/shivamss/colcon_ws/install/lawn_mower_gazebo/share/lawn_mower_gazebo//worlds/box_bot_empty.world
-- Symlinking: /home/shivamss/colcon_ws/install/lawn_mower_gazebo/share/lawn_mower_gazebo//worlds/box_bot_empty.world:Zone.Identifier
-- Symlinking: /home/shivamss/colcon_ws/install/lawn_mower_gazebo/share/lawn_mower_gazebo//worlds/house.world
-- Symlinking: /home/shivamss/colcon_ws/install/lawn_mower_gazebo/share/lawn_mower_gazebo//worlds/house.world:Zone.Identifier
-- Symlinking: /home/shivamss/colcon_ws/install/lawn_mower_gazebo/share/lawn_mower_gazebo//worlds/house2.world
-- Symlinking: /home/shivamss/colcon_ws/install/lawn_mower_gazebo/share/lawn_mower_gazebo//worlds/house2.world:Zone.Identifier
-- Symlinking: /home/shivamss/colcon_ws/install/lawn_mower_gazebo/share/ament_index/resource_index/package_run_dependencies/lawn_mower_gazebo
-- Symlinking: /home/shivamss/colcon_ws/install/lawn_mower_gazebo/share/ament_index/resource_index/parent_prefix_path/lawn_mower_gazebo
-- Symlinking: /home/shivamss/colcon_ws/install/lawn_mower_gazebo/share/lawn_mower_gazebo/environment/ament_prefix_path.sh
-- Symlinking: /home/shivamss/colcon_ws/install/lawn_mower_gazebo/share/lawn_mower_gazebo/environment/ament_prefix_path.dsv
-- Symlinking: /home/shivamss/colcon_ws/install/lawn_mower_gazebo/share/lawn_mower_gazebo/environment/path.sh
-- Symlinking: /home/shivamss/colcon_ws/install/lawn_mower_gazebo/share/lawn_mower_gazebo/environment/path.dsv
-- Symlinking: /home/shivamss/colcon_ws/install/lawn_mower_gazebo/share/lawn_mower_gazebo/local_setup.bash
-- Symlinking: /home/shivamss/colcon_ws/install/lawn_mower_gazebo/share/lawn_mower_gazebo/local_setup.sh
-- Symlinking: /home/shivamss/colcon_ws/install/lawn_mower_gazebo/share/lawn_mower_gazebo/local_setup.zsh
-- Symlinking: /home/shivamss/colcon_ws/install/lawn_mower_gazebo/share/lawn_mower_gazebo/local_setup.dsv
-- Symlinking: /home/shivamss/colcon_ws/install/lawn_mower_gazebo/share/lawn_mower_gazebo/package.dsv
-- Symlinking: /home/shivamss/colcon_ws/install/lawn_mower_gazebo/share/ament_index/resource_index/packages/lawn_mower_gazebo
-- Symlinking: /home/shivamss/colcon_ws/install/lawn_mower_gazebo/share/lawn_mower_gazebo/cmake/lawn_mower_gazeboConfig.cmake
-- Symlinking: /home/shivamss/colcon_ws/install/lawn_mower_gazebo/share/lawn_mower_gazebo/cmake/lawn_mower_gazeboConfig-version.cmake
-- Symlinking: /home/shivamss/colcon_ws/install/lawn_mower_gazebo/share/lawn_mower_gazebo/package.xml
