[0.678s] Invoking command in '/home/shivamss/colcon_ws/build/lawn_mower_description': CMAKE_PREFIX_PATH=${CMAKE_PREFIX_PATH}:/home/shivamss/colcon_ws/install/lawn_mower_control:/opt/ros/humble /usr/bin/cmake --build /home/shivamss/colcon_ws/build/lawn_mower_description -- -j20 -l20
[0.729s] -- Found ament_cmake: 1.3.8 (/opt/ros/humble/share/ament_cmake/cmake)
[1.059s] -- Override CMake install command with custom implementation using symlinks instead of copying resources
[1.060s] -- Found urdf: 2.6.0 (/opt/ros/humble/share/urdf/cmake)
[3.296s] -- Found xacro: 2.0.8 (/opt/ros/humble/share/xacro/cmake)
[3.298s] -- Found ament_lint_auto: 0.12.10 (/opt/ros/humble/share/ament_lint_auto/cmake)
[3.483s] -- Added test 'copyright' to check source files copyright and LICENSE
[3.494s] -- Added test 'flake8' to check Python code syntax and style conventions
[3.496s] -- Added test 'lint_cmake' to check CMake code style
[3.527s] -- Added test 'pep257' to check Python code against some of the docstring style conventions in PEP 257
[3.527s] -- Added test 'xmllint' to check XML markup files
[3.530s] -- Configuring done
[3.539s] -- Generating done
[3.541s] -- Build files have been written to: /home/shivamss/colcon_ws/build/lawn_mower_description
[3.594s] Invoked command in '/home/shivamss/colcon_ws/build/lawn_mower_description' returned '0': CMAKE_PREFIX_PATH=${CMAKE_PREFIX_PATH}:/home/shivamss/colcon_ws/install/lawn_mower_control:/opt/ros/humble /usr/bin/cmake --build /home/shivamss/colcon_ws/build/lawn_mower_description -- -j20 -l20
[3.655s] Invoking command in '/home/shivamss/colcon_ws/build/lawn_mower_description': CMAKE_PREFIX_PATH=${CMAKE_PREFIX_PATH}:/home/shivamss/colcon_ws/install/lawn_mower_control:/opt/ros/humble /usr/bin/cmake --install /home/shivamss/colcon_ws/build/lawn_mower_description
[3.670s] -- Install configuration: ""
[3.672s] -- Execute custom install script
[3.673s] -- Up-to-date symlink: /home/shivamss/colcon_ws/install/lawn_mower_description/share/lawn_mower_description/launch/gazebo_setup.launch.py
[3.674s] -- Up-to-date symlink: /home/shivamss/colcon_ws/install/lawn_mower_description/share/lawn_mower_description/launch/gazebo_setup.launch.py:Zone.Identifier
[3.674s] -- Up-to-date symlink: /home/shivamss/colcon_ws/install/lawn_mower_description/share/lawn_mower_description/launch/spawn_lawn_mower.py
[3.675s] -- Up-to-date symlink: /home/shivamss/colcon_ws/install/lawn_mower_description/share/lawn_mower_description/launch/spawn_lawn_mower.py:Zone.Identifier
[3.676s] -- Up-to-date symlink: /home/shivamss/colcon_ws/install/lawn_mower_description/share/lawn_mower_description/launch/spawn_robot_launch_v4.launch.py
[3.676s] -- Up-to-date symlink: /home/shivamss/colcon_ws/install/lawn_mower_description/share/lawn_mower_description/launch/spawn_robot_launch_v4.launch.py:Zone.Identifier
[3.677s] -- Up-to-date symlink: /home/shivamss/colcon_ws/install/lawn_mower_description/share/lawn_mower_description/robot/caster_wheels.xacro
[3.677s] -- Up-to-date symlink: /home/shivamss/colcon_ws/install/lawn_mower_description/share/lawn_mower_description/robot/caster_wheels.xacro:Zone.Identifier
[3.677s] -- Up-to-date symlink: /home/shivamss/colcon_ws/install/lawn_mower_description/share/lawn_mower_description/robot/lawn_mower.gazebo
[3.678s] -- Up-to-date symlink: /home/shivamss/colcon_ws/install/lawn_mower_description/share/lawn_mower_description/robot/lawn_mower.gazebo:Zone.Identifier
[3.678s] -- Up-to-date symlink: /home/shivamss/colcon_ws/install/lawn_mower_description/share/lawn_mower_description/robot/lawn_mower.xacro
[3.678s] -- Up-to-date symlink: /home/shivamss/colcon_ws/install/lawn_mower_description/share/lawn_mower_description/robot/lawn_mower.xacro:Zone.Identifier
[3.679s] -- Up-to-date symlink: /home/shivamss/colcon_ws/install/lawn_mower_description/share/lawn_mower_description/robot/lawn_mower_body.xacro
[3.679s] -- Up-to-date symlink: /home/shivamss/colcon_ws/install/lawn_mower_description/share/lawn_mower_description/robot/lawn_mower_body.xacro:Zone.Identifier
[3.679s] -- Up-to-date symlink: /home/shivamss/colcon_ws/install/lawn_mower_description/share/lawn_mower_description/robot/macros.xacro
[3.681s] -- Up-to-date symlink: /home/shivamss/colcon_ws/install/lawn_mower_description/share/lawn_mower_description/robot/macros.xacro:Zone.Identifier
[3.682s] -- Up-to-date symlink: /home/shivamss/colcon_ws/install/lawn_mower_description/share/lawn_mower_description/robot/materials.xacro
[3.683s] -- Up-to-date symlink: /home/shivamss/colcon_ws/install/lawn_mower_description/share/lawn_mower_description/robot/materials.xacro:Zone.Identifier
[3.684s] -- Up-to-date symlink: /home/shivamss/colcon_ws/install/lawn_mower_description/share/lawn_mower_description/robot/oakd_lite.xacro
[3.684s] -- Up-to-date symlink: /home/shivamss/colcon_ws/install/lawn_mower_description/share/lawn_mower_description/robot/oakd_lite.xacro:Zone.Identifier
[3.685s] -- Up-to-date symlink: /home/shivamss/colcon_ws/install/lawn_mower_description/share/lawn_mower_description/robot/oakd_lite2.xacro
[3.685s] -- Up-to-date symlink: /home/shivamss/colcon_ws/install/lawn_mower_description/share/lawn_mower_description/robot/oakd_lite2.xacro:Zone.Identifier
[3.686s] -- Up-to-date symlink: /home/shivamss/colcon_ws/install/lawn_mower_description/share/lawn_mower_description/robot/properties.xacro
[3.686s] -- Up-to-date symlink: /home/shivamss/colcon_ws/install/lawn_mower_description/share/lawn_mower_description/robot/properties.xacro:Zone.Identifier
[3.686s] -- Up-to-date symlink: /home/shivamss/colcon_ws/install/lawn_mower_description/share/lawn_mower_description/robot/wheels.xacro
[3.686s] -- Up-to-date symlink: /home/shivamss/colcon_ws/install/lawn_mower_description/share/lawn_mower_description/robot/wheels.xacro:Zone.Identifier
[3.686s] -- Up-to-date symlink: /home/shivamss/colcon_ws/install/lawn_mower_description/share/lawn_mower_description/config/steering_controller_position.yaml
[3.687s] -- Up-to-date symlink: /home/shivamss/colcon_ws/install/lawn_mower_description/share/lawn_mower_description/config/steering_controller_position.yaml:Zone.Identifier
[3.687s] -- Up-to-date symlink: /home/shivamss/colcon_ws/install/lawn_mower_description/share/lawn_mower_description/config/steering_controller_velocity.yaml
[3.687s] -- Up-to-date symlink: /home/shivamss/colcon_ws/install/lawn_mower_description/share/lawn_mower_description/config/steering_controller_velocity.yaml:Zone.Identifier
[3.687s] -- Up-to-date symlink: /home/shivamss/colcon_ws/install/lawn_mower_description/share/lawn_mower_description/meshes/box_car.dae
[3.687s] -- Up-to-date symlink: /home/shivamss/colcon_ws/install/lawn_mower_description/share/lawn_mower_description/meshes/box_car.dae:Zone.Identifier
[3.687s] -- Up-to-date symlink: /home/shivamss/colcon_ws/install/lawn_mower_description/share/lawn_mower_description/meshes/pixel_car.mtl
[3.687s] -- Up-to-date symlink: /home/shivamss/colcon_ws/install/lawn_mower_description/share/lawn_mower_description/meshes/pixel_car.mtl:Zone.Identifier
[3.688s] -- Up-to-date symlink: /home/shivamss/colcon_ws/install/lawn_mower_description/share/lawn_mower_description/meshes/pixel_car.obj
[3.688s] -- Up-to-date symlink: /home/shivamss/colcon_ws/install/lawn_mower_description/share/lawn_mower_description/meshes/pixel_car.obj:Zone.Identifier
[3.688s] -- Up-to-date symlink: /home/shivamss/colcon_ws/install/lawn_mower_description/share/lawn_mower_description/meshes/redcar_tex.png
[3.688s] -- Up-to-date symlink: /home/shivamss/colcon_ws/install/lawn_mower_description/share/lawn_mower_description/meshes/redcar_tex.png:Zone.Identifier
[3.688s] -- Up-to-date symlink: /home/shivamss/colcon_ws/install/lawn_mower_description/share/lawn_mower_description/meshes/wheel.dae
[3.688s] -- Up-to-date symlink: /home/shivamss/colcon_ws/install/lawn_mower_description/share/lawn_mower_description/meshes/wheel.dae:Zone.Identifier
[3.688s] -- Up-to-date symlink: /home/shivamss/colcon_ws/install/lawn_mower_description/share/lawn_mower_description/meshes/wheel.png
[3.689s] -- Up-to-date symlink: /home/shivamss/colcon_ws/install/lawn_mower_description/share/lawn_mower_description/meshes/wheel.png:Zone.Identifier
[3.689s] -- Up-to-date symlink: /home/shivamss/colcon_ws/install/lawn_mower_description/lib/lawn_mower_description/spawn_lawn_mower.py
[3.689s] -- Up-to-date symlink: /home/shivamss/colcon_ws/install/lawn_mower_description/lib/lawn_mower_description/wheel_steer.py
[3.689s] -- Up-to-date symlink: /home/shivamss/colcon_ws/install/lawn_mower_description/share/ament_index/resource_index/package_run_dependencies/lawn_mower_description
[3.689s] -- Up-to-date symlink: /home/shivamss/colcon_ws/install/lawn_mower_description/share/ament_index/resource_index/parent_prefix_path/lawn_mower_description
[3.689s] -- Up-to-date symlink: /home/shivamss/colcon_ws/install/lawn_mower_description/share/lawn_mower_description/environment/ament_prefix_path.sh
[3.690s] -- Up-to-date symlink: /home/shivamss/colcon_ws/install/lawn_mower_description/share/lawn_mower_description/environment/ament_prefix_path.dsv
[3.691s] -- Up-to-date symlink: /home/shivamss/colcon_ws/install/lawn_mower_description/share/lawn_mower_description/environment/path.sh
[3.692s] -- Up-to-date symlink: /home/shivamss/colcon_ws/install/lawn_mower_description/share/lawn_mower_description/environment/path.dsv
[3.692s] -- Up-to-date symlink: /home/shivamss/colcon_ws/install/lawn_mower_description/share/lawn_mower_description/local_setup.bash
[3.693s] -- Up-to-date symlink: /home/shivamss/colcon_ws/install/lawn_mower_description/share/lawn_mower_description/local_setup.sh
[3.694s] -- Up-to-date symlink: /home/shivamss/colcon_ws/install/lawn_mower_description/share/lawn_mower_description/local_setup.zsh
[3.695s] -- Up-to-date symlink: /home/shivamss/colcon_ws/install/lawn_mower_description/share/lawn_mower_description/local_setup.dsv
[3.696s] -- Symlinking: /home/shivamss/colcon_ws/install/lawn_mower_description/share/lawn_mower_description/package.dsv
[3.719s] -- Up-to-date symlink: /home/shivamss/colcon_ws/install/lawn_mower_description/share/ament_index/resource_index/packages/lawn_mower_description
[3.719s] -- Up-to-date symlink: /home/shivamss/colcon_ws/install/lawn_mower_description/share/lawn_mower_description/cmake/lawn_mower_descriptionConfig.cmake
[3.726s] -- Up-to-date symlink: /home/shivamss/colcon_ws/install/lawn_mower_description/share/lawn_mower_description/cmake/lawn_mower_descriptionConfig-version.cmake
[3.727s] -- Up-to-date symlink: /home/shivamss/colcon_ws/install/lawn_mower_description/share/lawn_mower_description/package.xml
[3.728s] Invoked command in '/home/shivamss/colcon_ws/build/lawn_mower_description' returned '0': CMAKE_PREFIX_PATH=${CMAKE_PREFIX_PATH}:/home/shivamss/colcon_ws/install/lawn_mower_control:/opt/ros/humble /usr/bin/cmake --install /home/shivamss/colcon_ws/build/lawn_mower_description
