[0.116s] Invoking command in '/home/shivamss/colcon_ws/build/orbslam3': CMAKE_PREFIX_PATH=/opt/ros/humble /usr/bin/cmake /home/shivamss/colcon_ws/src/orbslam3_ros2 -DAMENT_CMAKE_SYMLINK_INSTALL=1 -DCMAKE_INSTALL_PREFIX=/home/shivamss/colcon_ws/install/orbslam3
[0.184s] -- The C compiler identification is GNU 11.4.0
[0.299s] -- The CXX compiler identification is GNU 11.4.0
[0.362s] -- Detecting C compiler ABI info
[0.407s] -- Detecting C compiler ABI info - done
[0.410s] -- Check for working C compiler: /usr/bin/cc - skipped
[0.410s] -- Detecting C compile features
[0.411s] -- Detecting C compile features - done
[0.412s] -- Detecting CXX compiler ABI info
[0.474s] -- Detecting CXX compiler ABI info - done
[0.478s] -- Check for working CXX compiler: /usr/bin/c++ - skipped
[0.478s] -- Detecting CXX compile features
[0.478s] -- Detecting CXX compile features - done
[0.484s] -- Found OpenCV: /usr/local (found suitable version "4.2.0", minimum required is "4") 
[0.638s] [33mCMake Warning (dev) at /usr/share/cmake-3.22/Modules/FindOpenGL.cmake:315 (message):
[0.638s]   Policy CMP0072 is not set: FindOpenGL prefers GLVND by default when
[0.638s]   available.  Run "cmake --help-policy CMP0072" for policy details.  Use the
[0.638s]   cmake_policy command to set the policy and suppress this warning.
[0.638s] 
[0.638s]   FindOpenGL found both a legacy GL library:
[0.638s] 
[0.638s]     OPENGL_gl_LIBRARY: /usr/lib/x86_64-linux-gnu/libGL.so
[0.638s] 
[0.638s]   and GLVND libraries for OpenGL and GLX:
[0.638s] 
[0.638s]     OPENGL_opengl_LIBRARY: /usr/lib/x86_64-linux-gnu/libOpenGL.so
[0.638s]     OPENGL_glx_LIBRARY: /usr/lib/x86_64-linux-gnu/libGLX.so
[0.638s] 
[0.638s]   OpenGL_GL_PREFERENCE has not been set to "GLVND" or "LEGACY", so for
[0.638s]   compatibility with CMake 3.10 and below the legacy GL library will be used.
[0.638s] Call Stack (most recent call first):
[0.638s]   CMakeLists.txt:25 (find_package)
[0.638s] This warning is for project developers.  Use -Wno-dev to suppress it.
[0.638s] [0m
[0.638s] -- Found OpenGL: /usr/lib/x86_64-linux-gnu/libOpenGL.so   
[0.644s] -- Found ament_cmake: 1.3.8 (/opt/ros/humble/share/ament_cmake/cmake)
[0.719s] -- Found Python3: /usr/bin/python3 (found version "3.10.12") found components: Interpreter 
[0.753s] -- Override CMake install command with custom implementation using symlinks instead of copying resources
[0.765s] -- Found rclcpp: 16.0.8 (/opt/ros/humble/share/rclcpp/cmake)
[0.791s] -- Found rosidl_generator_c: 3.1.5 (/opt/ros/humble/share/rosidl_generator_c/cmake)
[0.793s] -- Found rosidl_adapter: 3.1.5 (/opt/ros/humble/share/rosidl_adapter/cmake)
[0.798s] -- Found rosidl_generator_cpp: 3.1.5 (/opt/ros/humble/share/rosidl_generator_cpp/cmake)
[0.806s] -- Using all available rosidl_typesupport_c: rosidl_typesupport_fastrtps_c;rosidl_typesupport_introspection_c
[0.815s] -- Using all available rosidl_typesupport_cpp: rosidl_typesupport_fastrtps_cpp;rosidl_typesupport_introspection_cpp
[0.855s] -- Found rmw_implementation_cmake: 6.1.1 (/opt/ros/humble/share/rmw_implementation_cmake/cmake)
[0.856s] -- Found rmw_fastrtps_cpp: 6.2.6 (/opt/ros/humble/share/rmw_fastrtps_cpp/cmake)
[1.203s] -- Found OpenSSL: /usr/lib/x86_64-linux-gnu/libcrypto.so (found version "3.0.2")  
[1.558s] -- Found FastRTPS: /opt/ros/humble/include  
[2.147s] -- Using RMW implementation 'rmw_fastrtps_cpp' as default
[2.152s] -- Looking for pthread.h
[2.200s] -- Looking for pthread.h - found
[2.200s] -- Performing Test CMAKE_HAVE_LIBC_PTHREAD
[2.250s] -- Performing Test CMAKE_HAVE_LIBC_PTHREAD - Success
[2.251s] -- Found Threads: TRUE  
[2.332s] -- Found sensor_msgs: 4.2.3 (/opt/ros/humble/share/sensor_msgs/cmake)
[2.407s] -- Found cv_bridge: 3.2.1 (/opt/ros/humble/share/cv_bridge/cmake)
[2.413s] -- Found message_filters: 4.3.3 (/opt/ros/humble/share/message_filters/cmake)
[2.471s] -- Found ORB_SLAM3: /home/shivamss/Dev/ORB_SLAM3/lib/libORB_SLAM3.so  
[2.509s] -- Configuring done
[2.540s] -- Generating done
[2.540s] -- Build files have been written to: /home/shivamss/colcon_ws/build/orbslam3
