[0.677s] Invoking command in '/home/shivamss/colcon_ws/build/orbslam3': CMAKE_PREFIX_PATH=${CMAKE_PREFIX_PATH}:/home/shivamss/colcon_ws/install/lawn_mower_control:/opt/ros/humble /usr/bin/cmake /home/shivamss/colcon_ws/src/orbslam3_ros2 -DCMAKE_INSTALL_PREFIX=/home/shivamss/colcon_ws/install/orbslam3
[0.821s] [33mCMake Warning (dev) at /usr/share/cmake-3.22/Modules/FindOpenGL.cmake:315 (message):
[0.821s]   Policy CMP0072 is not set: FindOpenGL prefers GLVND by default when
[0.821s]   available.  Run "cmake --help-policy CMP0072" for policy details.  Use the
[0.822s]   cmake_policy command to set the policy and suppress this warning.
[0.822s] 
[0.822s]   FindOpenGL found both a legacy GL library:
[0.822s] 
[0.822s]     OPENGL_gl_LIBRARY: /usr/lib/x86_64-linux-gnu/libGL.so
[0.822s] 
[0.823s]   and GLVND libraries for OpenGL and GLX:
[0.823s] 
[0.823s]     OPENGL_opengl_LIBRARY: /usr/lib/x86_64-linux-gnu/libOpenGL.so
[0.823s]     OPENGL_glx_LIBRARY: /usr/lib/x86_64-linux-gnu/libGLX.so
[0.823s] 
[0.823s]   OpenGL_GL_PREFERENCE has not been set to "GLVND" or "LEGACY", so for
[0.823s]   compatibility with CMake 3.10 and below the legacy GL library will be used.
[0.823s] Call Stack (most recent call first):
[0.823s]   CMakeLists.txt:25 (find_package)
[0.823s] This warning is for project developers.  Use -Wno-dev to suppress it.
[0.823s] [0m
[0.824s] -- Found ament_cmake: 1.3.8 (/opt/ros/humble/share/ament_cmake/cmake)
[1.145s] -- Override CMake install command with custom implementation using symlinks instead of copying resources
[1.165s] -- Found rclcpp: 16.0.8 (/opt/ros/humble/share/rclcpp/cmake)
[1.473s] -- Found rosidl_generator_c: 3.1.5 (/opt/ros/humble/share/rosidl_generator_c/cmake)
[1.483s] -- Found rosidl_adapter: 3.1.5 (/opt/ros/humble/share/rosidl_adapter/cmake)
[1.502s] -- Found rosidl_generator_cpp: 3.1.5 (/opt/ros/humble/share/rosidl_generator_cpp/cmake)
[1.538s] -- Using all available rosidl_typesupport_c: rosidl_typesupport_fastrtps_c;rosidl_typesupport_introspection_c
[1.583s] -- Using all available rosidl_typesupport_cpp: rosidl_typesupport_fastrtps_cpp;rosidl_typesupport_introspection_cpp
[1.747s] -- Found rmw_implementation_cmake: 6.1.1 (/opt/ros/humble/share/rmw_implementation_cmake/cmake)
[1.751s] -- Found rmw_fastrtps_cpp: 6.2.6 (/opt/ros/humble/share/rmw_fastrtps_cpp/cmake)
[10.837s] -- Using RMW implementation 'rmw_fastrtps_cpp' as default
[11.265s] -- Found sensor_msgs: 4.2.3 (/opt/ros/humble/share/sensor_msgs/cmake)
[11.651s] -- Found cv_bridge: 3.2.1 (/opt/ros/humble/share/cv_bridge/cmake)
[11.675s] -- Found message_filters: 4.3.3 (/opt/ros/humble/share/message_filters/cmake)
[11.965s] -- Configuring done
[12.123s] -- Generating done
[12.130s] -- Build files have been written to: /home/shivamss/colcon_ws/build/orbslam3
[12.150s] Invoked command in '/home/shivamss/colcon_ws/build/orbslam3' returned '0': CMAKE_PREFIX_PATH=${CMAKE_PREFIX_PATH}:/home/shivamss/colcon_ws/install/lawn_mower_control:/opt/ros/humble /usr/bin/cmake /home/shivamss/colcon_ws/src/orbslam3_ros2 -DCMAKE_INSTALL_PREFIX=/home/shivamss/colcon_ws/install/orbslam3
[12.151s] Invoking command in '/home/shivamss/colcon_ws/build/orbslam3': CMAKE_PREFIX_PATH=${CMAKE_PREFIX_PATH}:/home/shivamss/colcon_ws/install/lawn_mower_control:/opt/ros/humble /usr/bin/cmake --build /home/shivamss/colcon_ws/build/orbslam3 -- -j20 -l20
[12.243s] [35m[1mConsolidate compiler generated dependencies of target mono[0m
[12.243s] [35m[1mConsolidate compiler generated dependencies of target stereo[0m
[12.244s] [35m[1mConsolidate compiler generated dependencies of target rgbd[0m
[12.245s] [35m[1mConsolidate compiler generated dependencies of target stereo-inertial[0m
[12.334s] [ 25%] Built target rgbd
[12.336s] [ 75%] Built target mono
[12.336s] [ 91%] Built target stereo-inertial
[12.337s] [100%] Built target stereo
[12.360s] Invoked command in '/home/shivamss/colcon_ws/build/orbslam3' returned '0': CMAKE_PREFIX_PATH=${CMAKE_PREFIX_PATH}:/home/shivamss/colcon_ws/install/lawn_mower_control:/opt/ros/humble /usr/bin/cmake --build /home/shivamss/colcon_ws/build/orbslam3 -- -j20 -l20
[12.472s] Invoking command in '/home/shivamss/colcon_ws/build/orbslam3': CMAKE_PREFIX_PATH=${CMAKE_PREFIX_PATH}:/home/shivamss/colcon_ws/install/lawn_mower_control:/opt/ros/humble /usr/bin/cmake --install /home/shivamss/colcon_ws/build/orbslam3
[12.483s] -- Install configuration: ""
[12.484s] -- Execute custom install script
[12.485s] -- Up-to-date symlink: /home/shivamss/colcon_ws/install/orbslam3/lib/orbslam3/mono
[12.486s] -- Up-to-date symlink: /home/shivamss/colcon_ws/install/orbslam3/lib/orbslam3/rgbd
[12.486s] -- Up-to-date symlink: /home/shivamss/colcon_ws/install/orbslam3/lib/orbslam3/stereo
[12.487s] -- Up-to-date symlink: /home/shivamss/colcon_ws/install/orbslam3/lib/orbslam3/stereo-inertial
[12.487s] -- Up-to-date symlink: /home/shivamss/colcon_ws/install/orbslam3/share/ament_index/resource_index/package_run_dependencies/orbslam3
[12.488s] -- Up-to-date symlink: /home/shivamss/colcon_ws/install/orbslam3/share/ament_index/resource_index/parent_prefix_path/orbslam3
[12.488s] -- Up-to-date symlink: /home/shivamss/colcon_ws/install/orbslam3/share/orbslam3/environment/ament_prefix_path.sh
[12.488s] -- Up-to-date symlink: /home/shivamss/colcon_ws/install/orbslam3/share/orbslam3/environment/ament_prefix_path.dsv
[12.488s] -- Up-to-date symlink: /home/shivamss/colcon_ws/install/orbslam3/share/orbslam3/environment/path.sh
[12.489s] -- Up-to-date symlink: /home/shivamss/colcon_ws/install/orbslam3/share/orbslam3/environment/path.dsv
[12.489s] -- Up-to-date symlink: /home/shivamss/colcon_ws/install/orbslam3/share/orbslam3/local_setup.bash
[12.490s] -- Up-to-date symlink: /home/shivamss/colcon_ws/install/orbslam3/share/orbslam3/local_setup.sh
[12.490s] -- Up-to-date symlink: /home/shivamss/colcon_ws/install/orbslam3/share/orbslam3/local_setup.zsh
[12.491s] -- Up-to-date symlink: /home/shivamss/colcon_ws/install/orbslam3/share/orbslam3/local_setup.dsv
[12.491s] -- Symlinking: /home/shivamss/colcon_ws/install/orbslam3/share/orbslam3/package.dsv
[12.507s] -- Up-to-date symlink: /home/shivamss/colcon_ws/install/orbslam3/share/ament_index/resource_index/packages/orbslam3
[12.507s] -- Up-to-date symlink: /home/shivamss/colcon_ws/install/orbslam3/share/orbslam3/cmake/orbslam3Config.cmake
[12.508s] -- Up-to-date symlink: /home/shivamss/colcon_ws/install/orbslam3/share/orbslam3/cmake/orbslam3Config-version.cmake
[12.508s] -- Up-to-date symlink: /home/shivamss/colcon_ws/install/orbslam3/share/orbslam3/package.xml
[12.514s] Invoked command in '/home/shivamss/colcon_ws/build/orbslam3' returned '0': CMAKE_PREFIX_PATH=${CMAKE_PREFIX_PATH}:/home/shivamss/colcon_ws/install/lawn_mower_control:/opt/ros/humble /usr/bin/cmake --install /home/shivamss/colcon_ws/build/orbslam3
