[0.114s] Invoking command in '/home/shivamss/colcon_ws/build/lawn_mower_description': CMAKE_PREFIX_PATH=/opt/ros/humble /usr/bin/cmake --build /home/shivamss/colcon_ws/build/lawn_mower_description -- -j20 -l20
[0.120s] gmake: Warning: File 'Makefile' has modification time 14154 s in the future
[0.127s] gmake[1]: Warning: File 'CMakeFiles/Makefile2' has modification time 14154 s in the future
[0.127s] gmake[1]: warning:  Clock skew detected.  Your build may be incomplete.
[0.131s] gmake: warning:  Clock skew detected.  Your build may be incomplete.
[0.133s] Invoked command in '/home/shivamss/colcon_ws/build/lawn_mower_description' returned '0': CMAKE_PREFIX_PATH=/opt/ros/humble /usr/bin/cmake --build /home/shivamss/colcon_ws/build/lawn_mower_description -- -j20 -l20
[0.150s] Invoking command in '/home/shivamss/colcon_ws/build/lawn_mower_description': CMAKE_PREFIX_PATH=/opt/ros/humble /usr/bin/cmake --install /home/shivamss/colcon_ws/build/lawn_mower_description
[0.153s] -- Install configuration: ""
[0.154s] -- Execute custom install script
[0.155s] -- Symlinking: /home/shivamss/colcon_ws/install/lawn_mower_description/share/lawn_mower_description//launch/gazebo_setup.launch.py
[0.160s] -- Symlinking: /home/shivamss/colcon_ws/install/lawn_mower_description/share/lawn_mower_description//launch/gazebo_setup.launch.py:Zone.Identifier
[0.166s] -- Symlinking: /home/shivamss/colcon_ws/install/lawn_mower_description/share/lawn_mower_description//launch/spawn_lawn_mower.py
[0.171s] -- Symlinking: /home/shivamss/colcon_ws/install/lawn_mower_description/share/lawn_mower_description//launch/spawn_lawn_mower.py:Zone.Identifier
[0.177s] -- Symlinking: /home/shivamss/colcon_ws/install/lawn_mower_description/share/lawn_mower_description//launch/spawn_robot_launch_v4.launch.py
[0.182s] -- Symlinking: /home/shivamss/colcon_ws/install/lawn_mower_description/share/lawn_mower_description//launch/spawn_robot_launch_v4.launch.py:Zone.Identifier
[0.188s] -- Symlinking: /home/shivamss/colcon_ws/install/lawn_mower_description/share/lawn_mower_description//robot/caster_wheels.xacro
[0.191s] -- Symlinking: /home/shivamss/colcon_ws/install/lawn_mower_description/share/lawn_mower_description//robot/caster_wheels.xacro:Zone.Identifier
[0.196s] -- Symlinking: /home/shivamss/colcon_ws/install/lawn_mower_description/share/lawn_mower_description//robot/lawn_mower.gazebo
[0.202s] -- Symlinking: /home/shivamss/colcon_ws/install/lawn_mower_description/share/lawn_mower_description//robot/lawn_mower.gazebo:Zone.Identifier
[0.205s] -- Symlinking: /home/shivamss/colcon_ws/install/lawn_mower_description/share/lawn_mower_description//robot/lawn_mower.xacro
[0.208s] -- Symlinking: /home/shivamss/colcon_ws/install/lawn_mower_description/share/lawn_mower_description//robot/lawn_mower.xacro:Zone.Identifier
[0.213s] -- Symlinking: /home/shivamss/colcon_ws/install/lawn_mower_description/share/lawn_mower_description//robot/lawn_mower_body.xacro
[0.218s] -- Symlinking: /home/shivamss/colcon_ws/install/lawn_mower_description/share/lawn_mower_description//robot/lawn_mower_body.xacro:Zone.Identifier
[0.222s] -- Symlinking: /home/shivamss/colcon_ws/install/lawn_mower_description/share/lawn_mower_description//robot/macros.xacro
[0.226s] -- Symlinking: /home/shivamss/colcon_ws/install/lawn_mower_description/share/lawn_mower_description//robot/macros.xacro:Zone.Identifier
[0.231s] -- Symlinking: /home/shivamss/colcon_ws/install/lawn_mower_description/share/lawn_mower_description//robot/materials.xacro
[0.236s] -- Symlinking: /home/shivamss/colcon_ws/install/lawn_mower_description/share/lawn_mower_description//robot/materials.xacro:Zone.Identifier
[0.240s] -- Symlinking: /home/shivamss/colcon_ws/install/lawn_mower_description/share/lawn_mower_description//robot/oakd_lite.xacro
[0.245s] -- Symlinking: /home/shivamss/colcon_ws/install/lawn_mower_description/share/lawn_mower_description//robot/oakd_lite.xacro:Zone.Identifier
[0.249s] -- Symlinking: /home/shivamss/colcon_ws/install/lawn_mower_description/share/lawn_mower_description//robot/oakd_lite2.xacro
[0.253s] -- Symlinking: /home/shivamss/colcon_ws/install/lawn_mower_description/share/lawn_mower_description//robot/oakd_lite2.xacro:Zone.Identifier
[0.256s] -- Symlinking: /home/shivamss/colcon_ws/install/lawn_mower_description/share/lawn_mower_description//robot/properties.xacro
[0.259s] -- Symlinking: /home/shivamss/colcon_ws/install/lawn_mower_description/share/lawn_mower_description//robot/properties.xacro:Zone.Identifier
[0.263s] -- Symlinking: /home/shivamss/colcon_ws/install/lawn_mower_description/share/lawn_mower_description//robot/wheels.xacro
[0.267s] -- Symlinking: /home/shivamss/colcon_ws/install/lawn_mower_description/share/lawn_mower_description//robot/wheels.xacro:Zone.Identifier
[0.271s] -- Symlinking: /home/shivamss/colcon_ws/install/lawn_mower_description/share/lawn_mower_description//config/steering_controller_position.yaml
[0.275s] -- Symlinking: /home/shivamss/colcon_ws/install/lawn_mower_description/share/lawn_mower_description//config/steering_controller_position.yaml:Zone.Identifier
[0.278s] -- Symlinking: /home/shivamss/colcon_ws/install/lawn_mower_description/share/lawn_mower_description//config/steering_controller_velocity.yaml
[0.282s] -- Symlinking: /home/shivamss/colcon_ws/install/lawn_mower_description/share/lawn_mower_description//config/steering_controller_velocity.yaml:Zone.Identifier
[0.286s] -- Symlinking: /home/shivamss/colcon_ws/install/lawn_mower_description/share/lawn_mower_description//meshes/box_car.dae
[0.290s] -- Symlinking: /home/shivamss/colcon_ws/install/lawn_mower_description/share/lawn_mower_description//meshes/box_car.dae:Zone.Identifier
[0.294s] -- Symlinking: /home/shivamss/colcon_ws/install/lawn_mower_description/share/lawn_mower_description//meshes/pixel_car.mtl
[0.299s] -- Symlinking: /home/shivamss/colcon_ws/install/lawn_mower_description/share/lawn_mower_description//meshes/pixel_car.mtl:Zone.Identifier
[0.304s] -- Symlinking: /home/shivamss/colcon_ws/install/lawn_mower_description/share/lawn_mower_description//meshes/pixel_car.obj
[0.308s] -- Symlinking: /home/shivamss/colcon_ws/install/lawn_mower_description/share/lawn_mower_description//meshes/pixel_car.obj:Zone.Identifier
[0.311s] -- Symlinking: /home/shivamss/colcon_ws/install/lawn_mower_description/share/lawn_mower_description//meshes/redcar_tex.png
[0.315s] -- Symlinking: /home/shivamss/colcon_ws/install/lawn_mower_description/share/lawn_mower_description//meshes/redcar_tex.png:Zone.Identifier
[0.319s] -- Symlinking: /home/shivamss/colcon_ws/install/lawn_mower_description/share/lawn_mower_description//meshes/wheel.dae
[0.322s] -- Symlinking: /home/shivamss/colcon_ws/install/lawn_mower_description/share/lawn_mower_description//meshes/wheel.dae:Zone.Identifier
[0.326s] -- Symlinking: /home/shivamss/colcon_ws/install/lawn_mower_description/share/lawn_mower_description//meshes/wheel.png
[0.330s] -- Symlinking: /home/shivamss/colcon_ws/install/lawn_mower_description/share/lawn_mower_description//meshes/wheel.png:Zone.Identifier
[0.334s] -- Symlinking: /home/shivamss/colcon_ws/install/lawn_mower_description/lib/lawn_mower_description/spawn_lawn_mower.py
[0.337s] -- Symlinking: /home/shivamss/colcon_ws/install/lawn_mower_description/lib/lawn_mower_description/wheel_steer.py
[0.341s] -- Symlinking: /home/shivamss/colcon_ws/install/lawn_mower_description/share/ament_index/resource_index/package_run_dependencies/lawn_mower_description
[0.344s] -- Symlinking: /home/shivamss/colcon_ws/install/lawn_mower_description/share/ament_index/resource_index/parent_prefix_path/lawn_mower_description
[0.348s] -- Symlinking: /home/shivamss/colcon_ws/install/lawn_mower_description/share/lawn_mower_description/environment/ament_prefix_path.sh
[0.351s] -- Symlinking: /home/shivamss/colcon_ws/install/lawn_mower_description/share/lawn_mower_description/environment/ament_prefix_path.dsv
[0.354s] -- Symlinking: /home/shivamss/colcon_ws/install/lawn_mower_description/share/lawn_mower_description/environment/path.sh
[0.357s] -- Symlinking: /home/shivamss/colcon_ws/install/lawn_mower_description/share/lawn_mower_description/environment/path.dsv
[0.361s] -- Symlinking: /home/shivamss/colcon_ws/install/lawn_mower_description/share/lawn_mower_description/local_setup.bash
[0.364s] -- Symlinking: /home/shivamss/colcon_ws/install/lawn_mower_description/share/lawn_mower_description/local_setup.sh
[0.367s] -- Symlinking: /home/shivamss/colcon_ws/install/lawn_mower_description/share/lawn_mower_description/local_setup.zsh
[0.371s] -- Symlinking: /home/shivamss/colcon_ws/install/lawn_mower_description/share/lawn_mower_description/local_setup.dsv
[0.375s] -- Symlinking: /home/shivamss/colcon_ws/install/lawn_mower_description/share/lawn_mower_description/package.dsv
[0.379s] -- Symlinking: /home/shivamss/colcon_ws/install/lawn_mower_description/share/ament_index/resource_index/packages/lawn_mower_description
[0.383s] -- Symlinking: /home/shivamss/colcon_ws/install/lawn_mower_description/share/lawn_mower_description/cmake/lawn_mower_descriptionConfig.cmake
[0.386s] -- Symlinking: /home/shivamss/colcon_ws/install/lawn_mower_description/share/lawn_mower_description/cmake/lawn_mower_descriptionConfig-version.cmake
[0.389s] -- Symlinking: /home/shivamss/colcon_ws/install/lawn_mower_description/share/lawn_mower_description/package.xml
[0.394s] Invoked command in '/home/shivamss/colcon_ws/build/lawn_mower_description' returned '0': CMAKE_PREFIX_PATH=/opt/ros/humble /usr/bin/cmake --install /home/shivamss/colcon_ws/build/lawn_mower_description
