running egg_info
writing ../../build/lawn_mower_control/lawn_mower_control.egg-info/PKG-INFO
writing dependency_links to ../../build/lawn_mower_control/lawn_mower_control.egg-info/dependency_links.txt
writing entry points to ../../build/lawn_mower_control/lawn_mower_control.egg-info/entry_points.txt
writing requirements to ../../build/lawn_mower_control/lawn_mower_control.egg-info/requires.txt
writing top-level names to ../../build/lawn_mower_control/lawn_mower_control.egg-info/top_level.txt
reading manifest file '../../build/lawn_mower_control/lawn_mower_control.egg-info/SOURCES.txt'
writing manifest file '../../build/lawn_mower_control/lawn_mower_control.egg-info/SOURCES.txt'
running build
running build_py
running install
running install_lib
running install_data
running install_egg_info
removing '/home/shivamss/colcon_ws/install/lawn_mower_control/lib/python3.10/site-packages/lawn_mower_control-0.0.0-py3.10.egg-info' (and everything under it)
Copying ../../build/lawn_mower_control/lawn_mower_control.egg-info to /home/shivamss/colcon_ws/install/lawn_mower_control/lib/python3.10/site-packages/lawn_mower_control-0.0.0-py3.10.egg-info
running install_scripts
Installing diff_drive script to /home/shivamss/colcon_ws/install/lawn_mower_control/lib/lawn_mower_control
Installing manual_control script to /home/shivamss/colcon_ws/install/lawn_mower_control/lib/lawn_mower_control
Installing mowing_planner script to /home/shivamss/colcon_ws/install/lawn_mower_control/lib/lawn_mower_control
writing list of installed files to '/home/shivamss/colcon_ws/build/lawn_mower_control/install.log'
