[0.584s] Invoking command in '/home/shivamss/colcon_ws/src/lawn_mower_control': PYTHONPATH=/home/shivamss/colcon_ws/build/lawn_mower_control/prefix_override:/home/shivamss/colcon_ws/install/lawn_mower_control/lib/python3.10/site-packages:${PYTHONPATH} /usr/bin/python3 -W ignore:setup.py install is deprecated setup.py egg_info --egg-base ../../build/lawn_mower_control build --build-base /home/shivamss/colcon_ws/build/lawn_mower_control/build install --record /home/shivamss/colcon_ws/build/lawn_mower_control/install.log --single-version-externally-managed install_data
[0.794s] running egg_info
[0.795s] writing ../../build/lawn_mower_control/lawn_mower_control.egg-info/PKG-INFO
[0.795s] writing dependency_links to ../../build/lawn_mower_control/lawn_mower_control.egg-info/dependency_links.txt
[0.796s] writing entry points to ../../build/lawn_mower_control/lawn_mower_control.egg-info/entry_points.txt
[0.796s] writing requirements to ../../build/lawn_mower_control/lawn_mower_control.egg-info/requires.txt
[0.796s] writing top-level names to ../../build/lawn_mower_control/lawn_mower_control.egg-info/top_level.txt
[0.800s] reading manifest file '../../build/lawn_mower_control/lawn_mower_control.egg-info/SOURCES.txt'
[0.801s] writing manifest file '../../build/lawn_mower_control/lawn_mower_control.egg-info/SOURCES.txt'
[0.802s] running build
[0.802s] running build_py
[0.803s] running install
[0.804s] running install_lib
[0.805s] running install_data
[0.805s] running install_egg_info
[0.807s] removing '/home/shivamss/colcon_ws/install/lawn_mower_control/lib/python3.10/site-packages/lawn_mower_control-0.0.0-py3.10.egg-info' (and everything under it)
[0.807s] Copying ../../build/lawn_mower_control/lawn_mower_control.egg-info to /home/shivamss/colcon_ws/install/lawn_mower_control/lib/python3.10/site-packages/lawn_mower_control-0.0.0-py3.10.egg-info
[0.809s] running install_scripts
[0.830s] Installing diff_drive script to /home/shivamss/colcon_ws/install/lawn_mower_control/lib/lawn_mower_control
[0.831s] Installing manual_control script to /home/shivamss/colcon_ws/install/lawn_mower_control/lib/lawn_mower_control
[0.831s] Installing mowing_planner script to /home/shivamss/colcon_ws/install/lawn_mower_control/lib/lawn_mower_control
[0.831s] writing list of installed files to '/home/shivamss/colcon_ws/build/lawn_mower_control/install.log'
[0.872s] Invoked command in '/home/shivamss/colcon_ws/src/lawn_mower_control' returned '0': PYTHONPATH=/home/shivamss/colcon_ws/build/lawn_mower_control/prefix_override:/home/shivamss/colcon_ws/install/lawn_mower_control/lib/python3.10/site-packages:${PYTHONPATH} /usr/bin/python3 -W ignore:setup.py install is deprecated setup.py egg_info --egg-base ../../build/lawn_mower_control build --build-base /home/shivamss/colcon_ws/build/lawn_mower_control/build install --record /home/shivamss/colcon_ws/build/lawn_mower_control/install.log --single-version-externally-managed install_data
