[0.126s] Invoking command in '/home/shivamss/colcon_ws/build/lawn_mower_gazebo': CMAKE_PREFIX_PATH=/opt/ros/humble /usr/bin/cmake --build /home/shivamss/colcon_ws/build/lawn_mower_gazebo -- -j20 -l20
[0.207s] -- Found ament_cmake: 1.3.8 (/opt/ros/humble/share/ament_cmake/cmake)
[0.292s] -- Override CMake install command with custom implementation using symlinks instead of copying resources
[0.308s] -- Found rclcpp: 16.0.8 (/opt/ros/humble/share/rclcpp/cmake)
[0.375s] -- Found rosidl_generator_c: 3.1.5 (/opt/ros/humble/share/rosidl_generator_c/cmake)
[0.377s] -- Found rosidl_adapter: 3.1.5 (/opt/ros/humble/share/rosidl_adapter/cmake)
[0.384s] -- Found rosidl_generator_cpp: 3.1.5 (/opt/ros/humble/share/rosidl_generator_cpp/cmake)
[0.396s] -- Using all available rosidl_typesupport_c: rosidl_typesupport_fastrtps_c;rosidl_typesupport_introspection_c
[0.408s] -- Using all available rosidl_typesupport_cpp: rosidl_typesupport_fastrtps_cpp;rosidl_typesupport_introspection_cpp
[0.459s] -- Found rmw_implementation_cmake: 6.1.1 (/opt/ros/humble/share/rmw_implementation_cmake/cmake)
[0.460s] -- Found rmw_fastrtps_cpp: 6.2.6 (/opt/ros/humble/share/rmw_fastrtps_cpp/cmake)
[2.081s] -- Using RMW implementation 'rmw_fastrtps_cpp' as default
[2.176s] -- Found rclpy: 3.3.12 (/opt/ros/humble/share/rclpy/cmake)
[2.176s] -- Found ament_lint_auto: 0.12.10 (/opt/ros/humble/share/ament_lint_auto/cmake)
[2.212s] -- Added test 'copyright' to check source files copyright and LICENSE
[2.212s] -- Added test 'flake8' to check Python code syntax and style conventions
[2.212s] -- Added test 'lint_cmake' to check CMake code style
[2.212s] -- Added test 'pep257' to check Python code against some of the docstring style conventions in PEP 257
[2.213s] -- Added test 'xmllint' to check XML markup files
[2.214s] -- Configuring done
[2.221s] -- Generating done
[2.221s] -- Build files have been written to: /home/shivamss/colcon_ws/build/lawn_mower_gazebo
